TN:
SF:src/polyfills.ts
FNF:0
FNH:0
DA:78,1
LF:1
LH:1
BRF:0
BRH:0
end_of_record
TN:
SF:src/test.ts
FNF:0
FNH:0
DA:10,1
DA:14,1
LF:2
LH:2
BRF:0
BRH:0
end_of_record
TN:
SF:src/app/app-config-testing.service.ts
FN:11,(anonymous_0)
FN:42,(anonymous_1)
FN:50,(anonymous_2)
FN:57,(anonymous_3)
FN:60,(anonymous_4)
FN:68,(anonymous_5)
FNF:6
FNH:6
FNDA:32,(anonymous_0)
FNDA:9,(anonymous_1)
FNDA:77,(anonymous_2)
FNDA:27,(anonymous_3)
FNDA:23,(anonymous_4)
FNDA:9,(anonymous_5)
DA:11,1
DA:15,32
DA:43,9
DA:45,9
DA:51,77
DA:58,27
DA:60,23
DA:69,9
DA:71,9
LF:9
LH:9
BRF:0
BRH:0
end_of_record
TN:
SF:src/app/app-config.service.ts
FN:41,(anonymous_0)
FN:46,(anonymous_1)
FN:60,(anonymous_2)
FNF:3
FNH:0
FNDA:0,(anonymous_0)
FNDA:0,(anonymous_1)
FNDA:0,(anonymous_2)
DA:10,1
DA:14,0
DA:41,0
DA:49,0
DA:50,0
DA:51,0
DA:61,0
LF:7
LH:1
BRF:0
BRH:0
end_of_record
TN:
SF:src/app/app.swatches.ts
FN:1978,isPaletteColorHexadecimal
FNF:1
FNH:0
FNDA:0,isPaletteColorHexadecimal
DA:5,1
DA:20,1
DA:36,1
DA:57,1
DA:68,1
DA:289,1
DA:1979,0
LF:7
LH:6
BRF:0
BRH:0
end_of_record
TN:
SF:src/app/app.transition.ts
FN:38,getAnimationState
FN:42,getAnimationStateForActivatedRouteSnapshot
FNF:2
FNH:0
FNDA:0,getAnimationState
FNDA:0,getAnimationStateForActivatedRouteSnapshot
DA:4,1
DA:6,1
DA:8,1
DA:9,1
DA:36,1
DA:39,0
DA:43,0
LF:7
LH:5
BRDA:8,0,0,1
BRDA:39,1,0,0
BRDA:39,1,1,0
BRDA:39,1,2,0
BRDA:39,1,3,0
BRDA:43,2,0,0
BRDA:43,2,1,0
BRDA:43,2,2,0
BRDA:43,2,3,0
BRF:9
BRH:1
end_of_record
TN:
SF:src/app/admin/security/user-management/user-management.service.ts
FN:40,(anonymous_0)
FN:51,(anonymous_1)
FN:57,(anonymous_2)
FNF:3
FNH:0
FNDA:0,(anonymous_0)
FNDA:0,(anonymous_1)
FNDA:0,(anonymous_2)
DA:26,1
DA:41,0
DA:42,0
DA:44,0
DA:45,0
DA:52,0
DA:54,0
DA:55,0
DA:57,0
DA:60,0
DA:63,0
LF:11
LH:1
BRDA:54,0,0,0
BRDA:54,0,1,0
BRF:2
BRH:0
end_of_record
TN:
SF:src/app/admin/security/user-management/user-management-edit/user-management-edit.component.ts
FN:107,(anonymous_0)
FN:113,(anonymous_1)
FN:235,(anonymous_2)
FN:135,(anonymous_3)
FN:140,(anonymous_4)
FN:141,(anonymous_5)
FN:148,(anonymous_6)
FN:153,(anonymous_7)
FN:158,(anonymous_8)
FN:163,(anonymous_9)
FN:168,(anonymous_10)
FN:173,(anonymous_11)
FN:178,(anonymous_12)
FN:203,(anonymous_13)
FN:205,(anonymous_14)
FN:206,(anonymous_15)
FN:206,(anonymous_16)
FN:211,(anonymous_17)
FN:212,(anonymous_18)
FN:212,(anonymous_19)
FN:217,(anonymous_20)
FN:222,(anonymous_21)
FN:222,(anonymous_22)
FN:223,(anonymous_23)
FN:223,(anonymous_24)
FN:230,(anonymous_25)
FN:251,(anonymous_26)
FN:253,(anonymous_27)
FN:260,(anonymous_28)
FN:262,(anonymous_29)
FN:263,(anonymous_30)
FN:269,(anonymous_31)
FN:271,(anonymous_32)
FN:273,(anonymous_33)
FN:280,(anonymous_34)
FN:282,(anonymous_35)
FN:291,(anonymous_36)
FN:293,(anonymous_37)
FN:297,(anonymous_38)
FN:297,(anonymous_39)
FN:298,(anonymous_40)
FN:299,(anonymous_41)
FN:313,(anonymous_42)
FN:320,(anonymous_43)
FN:323,(anonymous_44)
FN:326,(anonymous_45)
FN:329,(anonymous_46)
FN:333,(anonymous_47)
FN:339,(anonymous_48)
FN:342,(anonymous_49)
FN:345,(anonymous_50)
FN:348,(anonymous_51)
FN:352,(anonymous_52)
FN:358,(anonymous_53)
FN:367,(anonymous_54)
FN:378,(anonymous_55)
FN:382,(anonymous_56)
FN:384,(anonymous_57)
FN:389,(anonymous_58)
FN:391,(anonymous_59)
FN:402,(anonymous_60)
FN:407,(anonymous_61)
FN:411,(anonymous_62)
FN:421,(anonymous_63)
FN:441,(anonymous_64)
FN:456,(anonymous_65)
FN:459,(anonymous_66)
FN:466,(anonymous_67)
FN:474,(anonymous_68)
FN:475,(anonymous_69)
FN:483,(anonymous_70)
FNF:71
FNH:0
FNDA:0,(anonymous_0)
FNDA:0,(anonymous_1)
FNDA:0,(anonymous_2)
FNDA:0,(anonymous_3)
FNDA:0,(anonymous_4)
FNDA:0,(anonymous_5)
FNDA:0,(anonymous_6)
FNDA:0,(anonymous_7)
FNDA:0,(anonymous_8)
FNDA:0,(anonymous_9)
FNDA:0,(anonymous_10)
FNDA:0,(anonymous_11)
FNDA:0,(anonymous_12)
FNDA:0,(anonymous_13)
FNDA:0,(anonymous_14)
FNDA:0,(anonymous_15)
FNDA:0,(anonymous_16)
FNDA:0,(anonymous_17)
FNDA:0,(anonymous_18)
FNDA:0,(anonymous_19)
FNDA:0,(anonymous_20)
FNDA:0,(anonymous_21)
FNDA:0,(anonymous_22)
FNDA:0,(anonymous_23)
FNDA:0,(anonymous_24)
FNDA:0,(anonymous_25)
FNDA:0,(anonymous_26)
FNDA:0,(anonymous_27)
FNDA:0,(anonymous_28)
FNDA:0,(anonymous_29)
FNDA:0,(anonymous_30)
FNDA:0,(anonymous_31)
FNDA:0,(anonymous_32)
FNDA:0,(anonymous_33)
FNDA:0,(anonymous_34)
FNDA:0,(anonymous_35)
FNDA:0,(anonymous_36)
FNDA:0,(anonymous_37)
FNDA:0,(anonymous_38)
FNDA:0,(anonymous_39)
FNDA:0,(anonymous_40)
FNDA:0,(anonymous_41)
FNDA:0,(anonymous_42)
FNDA:0,(anonymous_43)
FNDA:0,(anonymous_44)
FNDA:0,(anonymous_45)
FNDA:0,(anonymous_46)
FNDA:0,(anonymous_47)
FNDA:0,(anonymous_48)
FNDA:0,(anonymous_49)
FNDA:0,(anonymous_50)
FNDA:0,(anonymous_51)
FNDA:0,(anonymous_52)
FNDA:0,(anonymous_53)
FNDA:0,(anonymous_54)
FNDA:0,(anonymous_55)
FNDA:0,(anonymous_56)
FNDA:0,(anonymous_57)
FNDA:0,(anonymous_58)
FNDA:0,(anonymous_59)
FNDA:0,(anonymous_60)
FNDA:0,(anonymous_61)
FNDA:0,(anonymous_62)
FNDA:0,(anonymous_63)
FNDA:0,(anonymous_64)
FNDA:0,(anonymous_65)
FNDA:0,(anonymous_66)
FNDA:0,(anonymous_67)
FNDA:0,(anonymous_68)
FNDA:0,(anonymous_69)
FNDA:0,(anonymous_70)
DA:60,1
DA:102,1
DA:108,0
DA:109,0
DA:110,0
DA:114,0
DA:121,0
DA:124,0
DA:135,0
DA:140,0
DA:141,0
DA:148,0
DA:153,0
DA:158,0
DA:163,0
DA:168,0
DA:173,0
DA:178,0
DA:184,0
DA:203,0
DA:205,0
DA:206,0
DA:209,0
DA:211,0
DA:212,0
DA:217,0
DA:222,0
DA:223,0
DA:230,0
DA:236,0
DA:237,0
DA:238,0
DA:239,0
DA:240,0
DA:241,0
DA:242,0
DA:243,0
DA:245,0
DA:253,0
DA:254,0
DA:257,0
DA:260,0
DA:262,0
DA:263,0
DA:269,0
DA:272,0
DA:273,0
DA:280,0
DA:283,0
DA:284,0
DA:291,0
DA:294,0
DA:296,0
DA:297,0
DA:298,0
DA:299,0
DA:300,0
DA:302,0
DA:314,0
DA:321,0
DA:324,0
DA:325,0
DA:327,0
DA:330,0
DA:331,0
DA:333,0
DA:340,0
DA:343,0
DA:344,0
DA:346,0
DA:349,0
DA:350,0
DA:352,0
DA:359,0
DA:368,0
DA:369,0
DA:370,0
DA:371,0
DA:379,0
DA:383,0
DA:384,0
DA:387,0
DA:389,0
DA:392,0
DA:403,0
DA:404,0
DA:409,0
DA:411,0
DA:422,0
DA:425,0
DA:434,0
DA:437,0
DA:438,0
DA:442,0
DA:443,0
DA:444,0
DA:447,0
DA:449,0
DA:451,0
DA:454,0
DA:457,0
DA:460,0
DA:461,0
DA:462,0
DA:464,0
DA:467,0
DA:473,0
DA:474,0
DA:475,0
DA:484,0
DA:485,0
LF:111
LH:2
BRDA:108,0,0,0
BRDA:108,0,1,0
BRDA:109,1,0,0
BRDA:206,2,0,0
BRDA:206,2,1,0
BRDA:212,3,0,0
BRDA:212,3,1,0
BRDA:230,4,0,0
BRDA:230,4,1,0
BRDA:273,5,0,0
BRDA:273,5,1,0
BRDA:294,6,0,0
BRDA:294,6,1,0
BRDA:294,7,0,0
BRDA:294,7,1,0
BRDA:294,7,2,0
BRDA:298,8,0,0
BRDA:298,8,1,0
BRDA:325,9,0,0
BRDA:325,9,1,0
BRDA:370,10,0,0
BRDA:379,11,0,0
BRDA:379,11,1,0
BRDA:384,12,0,0
BRDA:384,12,1,0
BRDA:409,13,0,0
BRDA:422,14,0,0
BRDA:422,14,1,0
BRDA:443,15,0,0
BRDA:461,16,0,0
BRF:30
BRH:0
end_of_record
TN:
SF:src/app/admin/security/user-management/user-management-edit/user-management-edit-roles-selector/user-management-edit-roles-selector.component.ts
FN:99,(anonymous_0)
FN:110,(anonymous_1)
FN:166,(anonymous_2)
FN:171,(anonymous_3)
FN:194,(anonymous_4)
FN:203,(anonymous_5)
FN:243,(anonymous_6)
FN:87,(anonymous_7)
FN:88,(anonymous_8)
FN:92,(anonymous_9)
FN:118,(anonymous_10)
FN:210,(anonymous_11)
FN:216,(anonymous_12)
FN:248,(anonymous_13)
FN:251,(anonymous_14)
FN:254,(anonymous_15)
FN:258,(anonymous_16)
FN:262,(anonymous_17)
FN:270,(anonymous_18)
FN:271,(anonymous_19)
FN:271,(anonymous_20)
FN:280,(anonymous_21)
FN:283,(anonymous_22)
FN:286,(anonymous_23)
FN:294,(anonymous_24)
FN:305,(anonymous_25)
FN:312,(anonymous_26)
FN:343,(anonymous_27)
FN:346,(anonymous_28)
FN:349,(anonymous_29)
FN:350,(anonymous_30)
FN:353,(anonymous_31)
FN:365,(anonymous_32)
FN:372,(anonymous_33)
FN:374,(anonymous_34)
FN:380,(anonymous_35)
FN:383,(anonymous_36)
FN:384,(anonymous_37)
FN:31,(anonymous_39)
FNF:39
FNH:0
FNDA:0,(anonymous_0)
FNDA:0,(anonymous_1)
FNDA:0,(anonymous_2)
FNDA:0,(anonymous_3)
FNDA:0,(anonymous_4)
FNDA:0,(anonymous_5)
FNDA:0,(anonymous_6)
FNDA:0,(anonymous_7)
FNDA:0,(anonymous_8)
FNDA:0,(anonymous_9)
FNDA:0,(anonymous_10)
FNDA:0,(anonymous_11)
FNDA:0,(anonymous_12)
FNDA:0,(anonymous_13)
FNDA:0,(anonymous_14)
FNDA:0,(anonymous_15)
FNDA:0,(anonymous_16)
FNDA:0,(anonymous_17)
FNDA:0,(anonymous_18)
FNDA:0,(anonymous_19)
FNDA:0,(anonymous_20)
FNDA:0,(anonymous_21)
FNDA:0,(anonymous_22)
FNDA:0,(anonymous_23)
FNDA:0,(anonymous_24)
FNDA:0,(anonymous_25)
FNDA:0,(anonymous_26)
FNDA:0,(anonymous_27)
FNDA:0,(anonymous_28)
FNDA:0,(anonymous_29)
FNDA:0,(anonymous_30)
FNDA:0,(anonymous_31)
FNDA:0,(anonymous_32)
FNDA:0,(anonymous_33)
FNDA:0,(anonymous_34)
FNDA:0,(anonymous_35)
FNDA:0,(anonymous_36)
FNDA:0,(anonymous_37)
FNDA:0,(anonymous_39)
DA:31,0
DA:50,1
DA:54,0
DA:65,0
DA:70,0
DA:75,0
DA:80,0
DA:85,0
DA:87,0
DA:89,0
DA:92,0
DA:101,0
DA:102,0
DA:103,0
DA:111,0
DA:117,0
DA:118,0
DA:125,0
DA:130,0
DA:135,0
DA:140,0
DA:145,0
DA:150,0
DA:155,0
DA:160,0
DA:167,0
DA:168,0
DA:172,0
DA:179,0
DA:184,0
DA:189,0
DA:195,0
DA:196,0
DA:204,0
DA:210,0
DA:215,0
DA:216,0
DA:223,0
DA:228,0
DA:243,0
DA:249,0
DA:252,0
DA:255,0
DA:260,0
DA:262,0
DA:268,0
DA:271,0
DA:278,0
DA:281,0
DA:283,0
DA:284,0
DA:286,0
DA:292,0
DA:295,0
DA:306,0
DA:313,0
DA:315,0
DA:316,0
DA:318,0
DA:319,0
DA:321,0
DA:322,0
DA:324,0
DA:325,0
DA:327,0
DA:328,0
DA:330,0
DA:331,0
DA:333,0
DA:334,0
DA:336,0
DA:337,0
DA:344,0
DA:346,0
DA:347,0
DA:348,0
DA:350,0
DA:351,0
DA:354,0
DA:355,0
DA:366,0
DA:373,0
DA:374,0
DA:382,0
DA:383,0
DA:384,0
DA:386,0
DA:389,0
DA:391,0
DA:392,0
DA:394,0
DA:395,0
LF:92
LH:1
BRDA:101,0,0,0
BRDA:101,0,1,0
BRDA:102,1,0,0
BRDA:167,2,0,0
BRDA:195,3,0,0
BRDA:87,4,0,0
BRDA:87,4,1,0
BRDA:87,4,2,0
BRDA:92,5,0,0
BRDA:92,5,1,0
BRDA:281,6,0,0
BRDA:281,6,1,0
BRDA:283,7,0,0
BRDA:283,7,1,0
BRDA:284,8,0,0
BRDA:284,8,1,0
BRDA:350,9,0,0
BRDA:350,9,1,0
BRDA:350,10,0,0
BRDA:350,10,1,0
BRDA:383,11,0,0
BRDA:383,11,1,0
BRDA:391,12,0,0
BRDA:394,13,0,0
BRF:24
BRH:0
end_of_record
TN:
SF:src/app/aether/atoms/avatar/avatar.component.ts
FN:35,(anonymous_0)
FN:55,(anonymous_1)
FN:75,(anonymous_2)
FN:95,(anonymous_3)
FN:115,(anonymous_4)
FN:135,(anonymous_5)
FN:195,(anonymous_6)
FN:145,(anonymous_7)
FN:152,(anonymous_8)
FN:154,(anonymous_9)
FN:164,(anonymous_10)
FN:189,(anonymous_11)
FN:203,(anonymous_12)
FN:208,(anonymous_13)
FNF:14
FNH:0
FNDA:0,(anonymous_0)
FNDA:0,(anonymous_1)
FNDA:0,(anonymous_2)
FNDA:0,(anonymous_3)
FNDA:0,(anonymous_4)
FNDA:0,(anonymous_5)
FNDA:0,(anonymous_6)
FNDA:0,(anonymous_7)
FNDA:0,(anonymous_8)
FNDA:0,(anonymous_9)
FNDA:0,(anonymous_10)
FNDA:0,(anonymous_11)
FNDA:0,(anonymous_12)
FNDA:0,(anonymous_13)
DA:20,1
DA:24,0
DA:29,0
DA:36,0
DA:37,0
DA:44,0
DA:49,0
DA:56,0
DA:57,0
DA:64,0
DA:69,0
DA:76,0
DA:77,0
DA:84,0
DA:89,0
DA:96,0
DA:97,0
DA:104,0
DA:109,0
DA:116,0
DA:117,0
DA:124,0
DA:129,0
DA:136,0
DA:137,0
DA:144,0
DA:145,0
DA:151,0
DA:153,0
DA:155,0
DA:157,0
DA:158,0
DA:159,0
DA:161,0
DA:163,0
DA:164,0
DA:165,0
DA:167,0
DA:170,0
DA:188,0
DA:189,0
DA:196,0
DA:197,0
DA:209,0
DA:210,0
DA:212,0
DA:213,0
DA:215,0
DA:216,0
DA:218,0
DA:219,0
DA:221,0
DA:222,0
DA:224,0
DA:225,0
LF:55
LH:1
BRDA:36,0,0,0
BRDA:56,1,0,0
BRDA:76,2,0,0
BRDA:77,3,0,0
BRDA:77,3,1,0
BRDA:96,4,0,0
BRDA:97,5,0,0
BRDA:97,5,1,0
BRDA:116,6,0,0
BRDA:136,7,0,0
BRDA:157,8,0,0
BRDA:157,8,1,0
BRDA:157,9,0,0
BRDA:157,9,1,0
BRDA:158,10,0,0
BRDA:158,10,1,0
BRDA:158,11,0,0
BRDA:158,11,1,0
BRDA:163,12,0,0
BRDA:173,13,0,0
BRDA:173,13,1,0
BRDA:175,14,0,0
BRDA:175,14,1,0
BRDA:189,15,0,0
BRDA:189,15,1,0
BRF:25
BRH:0
end_of_record
TN:
SF:src/app/aether/atoms/barcode-scanner/barcode-scanner-viewer.component.ts
FN:54,(anonymous_0)
FN:62,(anonymous_1)
FN:99,(anonymous_2)
FN:106,(anonymous_3)
FN:113,(anonymous_4)
FN:77,(anonymous_5)
FN:122,(anonymous_6)
FN:125,(anonymous_7)
FN:140,(anonymous_8)
FN:156,(anonymous_9)
FN:173,(anonymous_10)
FN:179,(anonymous_11)
FN:198,(anonymous_12)
FN:199,(anonymous_13)
FN:212,(anonymous_14)
FN:218,(anonymous_15)
FNF:16
FNH:0
FNDA:0,(anonymous_0)
FNDA:0,(anonymous_1)
FNDA:0,(anonymous_2)
FNDA:0,(anonymous_3)
FNDA:0,(anonymous_4)
FNDA:0,(anonymous_5)
FNDA:0,(anonymous_6)
FNDA:0,(anonymous_7)
FNDA:0,(anonymous_8)
FNDA:0,(anonymous_9)
FNDA:0,(anonymous_10)
FNDA:0,(anonymous_11)
FNDA:0,(anonymous_12)
FNDA:0,(anonymous_13)
FNDA:0,(anonymous_14)
FNDA:0,(anonymous_15)
DA:33,1
DA:37,0
DA:48,0
DA:49,0
DA:55,0
DA:63,0
DA:64,0
DA:72,0
DA:77,0
DA:82,0
DA:83,0
DA:93,0
DA:94,0
DA:100,0
DA:101,0
DA:105,0
DA:107,0
DA:114,0
DA:115,0
DA:116,0
DA:123,0
DA:126,0
DA:127,0
DA:128,0
DA:129,0
DA:137,0
DA:141,0
DA:142,0
DA:150,0
DA:157,0
DA:159,0
DA:160,0
DA:162,0
DA:163,0
DA:165,0
DA:166,0
DA:167,0
DA:174,0
DA:175,0
DA:176,0
DA:179,0
DA:180,0
DA:184,0
DA:185,0
DA:189,0
DA:191,0
DA:193,0
DA:194,0
DA:195,0
DA:198,0
DA:200,0
DA:201,0
DA:213,0
DA:216,0
DA:217,0
DA:218,0
DA:220,0
DA:221,0
DA:225,0
LF:59
LH:1
BRDA:63,0,0,0
BRDA:100,1,0,0
BRDA:127,2,0,0
BRDA:141,3,0,0
BRDA:141,4,0,0
BRDA:141,4,1,0
BRDA:150,5,0,0
BRDA:150,5,1,0
BRDA:179,6,0,0
BRDA:184,7,0,0
BRDA:193,8,0,0
BRDA:213,9,0,0
BRDA:213,9,1,0
BRDA:216,10,0,0
BRDA:220,11,0,0
BRF:15
BRH:0
end_of_record
TN:
SF:src/app/aether/atoms/barcode-scanner/barcode-scanner.component.ts
FN:72,(anonymous_0)
FN:80,(anonymous_1)
FN:101,(anonymous_2)
FN:109,(anonymous_3)
FN:133,(anonymous_4)
FN:127,(anonymous_5)
FN:142,(anonymous_6)
FN:147,(anonymous_7)
FN:156,(anonymous_8)
FN:169,(anonymous_9)
FN:187,(anonymous_10)
FN:200,(anonymous_11)
FN:212,(anonymous_12)
FN:219,(anonymous_13)
FN:224,(anonymous_14)
FN:229,(anonymous_15)
FN:239,(anonymous_16)
FN:244,(anonymous_17)
FN:248,(anonymous_18)
FNF:19
FNH:0
FNDA:0,(anonymous_0)
FNDA:0,(anonymous_1)
FNDA:0,(anonymous_2)
FNDA:0,(anonymous_3)
FNDA:0,(anonymous_4)
FNDA:0,(anonymous_5)
FNDA:0,(anonymous_6)
FNDA:0,(anonymous_7)
FNDA:0,(anonymous_8)
FNDA:0,(anonymous_9)
FNDA:0,(anonymous_10)
FNDA:0,(anonymous_11)
FNDA:0,(anonymous_12)
FNDA:0,(anonymous_13)
FNDA:0,(anonymous_14)
FNDA:0,(anonymous_15)
FNDA:0,(anonymous_16)
FNDA:0,(anonymous_17)
FNDA:0,(anonymous_18)
DA:38,1
DA:39,0
DA:40,0
DA:43,0
DA:45,0
DA:50,0
DA:61,0
DA:66,0
DA:67,0
DA:73,0
DA:81,0
DA:82,0
DA:90,0
DA:95,0
DA:96,0
DA:102,0
DA:110,0
DA:111,0
DA:118,0
DA:119,0
DA:126,0
DA:127,0
DA:134,0
DA:135,0
DA:136,0
DA:144,0
DA:147,0
DA:153,0
DA:157,0
DA:158,0
DA:170,0
DA:171,0
DA:173,0
DA:174,0
DA:176,0
DA:177,0
DA:179,0
DA:180,0
DA:181,0
DA:188,0
DA:197,0
DA:201,0
DA:202,0
DA:213,0
DA:220,0
DA:221,0
DA:225,0
DA:226,0
DA:230,0
DA:231,0
DA:240,0
DA:241,0
DA:245,0
DA:249,0
LF:54
LH:1
BRDA:81,0,0,0
BRDA:110,1,0,0
BRDA:127,2,0,0
BRDA:127,2,1,0
BRDA:157,3,0,0
BRDA:157,4,0,0
BRDA:157,4,1,0
BRDA:189,5,0,0
BRDA:189,5,1,0
BRDA:190,6,0,0
BRDA:190,6,1,0
BRDA:230,7,0,0
BRF:12
BRH:0
end_of_record
TN:
SF:src/app/aether/atoms/barcode-scanner/qr-code-reader.service.ts
FN:49,(anonymous_0)
FN:51,(anonymous_1)
FN:61,(anonymous_2)
FN:66,(anonymous_3)
FN:67,(anonymous_4)
FN:76,(anonymous_5)
FN:80,(anonymous_6)
FN:85,(anonymous_7)
FN:86,(anonymous_8)
FN:90,(anonymous_9)
FN:104,(anonymous_10)
FN:107,(anonymous_11)
FN:109,(anonymous_12)
FN:113,(anonymous_13)
FN:123,(anonymous_14)
FN:125,(anonymous_15)
FNF:16
FNH:0
FNDA:0,(anonymous_0)
FNDA:0,(anonymous_1)
FNDA:0,(anonymous_2)
FNDA:0,(anonymous_3)
FNDA:0,(anonymous_4)
FNDA:0,(anonymous_5)
FNDA:0,(anonymous_6)
FNDA:0,(anonymous_7)
FNDA:0,(anonymous_8)
FNDA:0,(anonymous_9)
FNDA:0,(anonymous_10)
FNDA:0,(anonymous_11)
FNDA:0,(anonymous_12)
FNDA:0,(anonymous_13)
FNDA:0,(anonymous_14)
FNDA:0,(anonymous_15)
DA:9,1
DA:13,0
DA:43,0
DA:44,0
DA:51,0
DA:52,0
DA:55,0
DA:63,0
DA:67,0
DA:79,0
DA:81,0
DA:82,0
DA:85,0
DA:88,0
DA:90,0
DA:91,0
DA:92,0
DA:95,0
DA:96,0
DA:106,0
DA:108,0
DA:109,0
DA:118,0
DA:119,0
DA:121,0
DA:122,0
DA:124,0
DA:125,0
DA:126,0
DA:127,0
DA:130,0
DA:132,0
DA:137,0
LF:33
LH:1
BRDA:118,0,0,0
BRDA:118,0,1,0
BRF:2
BRH:0
end_of_record
TN:
SF:src/app/aether/atoms/barcode-scanner/rfid-reader.service.ts
FN:95,(anonymous_0)
FN:90,(anonymous_1)
FN:92,(anonymous_2)
FN:96,(anonymous_3)
FN:104,(anonymous_4)
FN:112,(anonymous_5)
FN:116,(anonymous_6)
FN:123,(anonymous_7)
FN:139,(anonymous_8)
FNF:9
FNH:0
FNDA:0,(anonymous_0)
FNDA:0,(anonymous_1)
FNDA:0,(anonymous_2)
FNDA:0,(anonymous_3)
FNDA:0,(anonymous_4)
FNDA:0,(anonymous_5)
FNDA:0,(anonymous_6)
FNDA:0,(anonymous_7)
FNDA:0,(anonymous_8)
DA:82,1
DA:83,0
DA:87,0
DA:89,0
DA:90,0
DA:92,0
DA:96,0
DA:98,0
DA:100,0
DA:105,0
DA:106,0
DA:107,0
DA:108,0
DA:109,0
DA:111,0
DA:112,0
DA:113,0
DA:114,0
DA:116,0
DA:117,0
DA:118,0
DA:121,0
DA:123,0
DA:124,0
DA:130,0
DA:131,0
DA:135,0
DA:140,0
DA:141,0
DA:142,0
LF:30
LH:1
BRDA:106,0,0,0
BRDA:111,1,0,0
BRDA:113,2,0,0
BRDA:117,3,0,0
BRDA:130,4,0,0
BRF:5
BRH:0
end_of_record
TN:
SF:src/app/aether/atoms/counter/counter.component.ts
FN:23,(anonymous_0)
FN:37,(anonymous_1)
FN:51,(anonymous_2)
FN:46,(anonymous_3)
FN:56,(anonymous_4)
FNF:5
FNH:5
FNDA:2,(anonymous_0)
FNDA:2,(anonymous_1)
FNDA:5,(anonymous_2)
FNDA:9,(anonymous_3)
FNDA:5,(anonymous_4)
DA:14,1
DA:18,5
DA:20,5
DA:24,2
DA:25,2
DA:32,5
DA:34,5
DA:38,2
DA:39,2
DA:46,9
DA:57,5
DA:58,5
DA:60,5
DA:61,5
LF:14
LH:14
BRDA:24,0,0,2
BRDA:25,1,0,2
BRDA:25,1,1,0
BRDA:38,2,0,2
BRDA:39,3,0,2
BRDA:39,3,1,0
BRDA:46,4,0,4
BRDA:46,4,1,5
BRDA:46,5,0,9
BRDA:46,5,1,6
BRDA:46,6,0,4
BRDA:46,6,1,1
BRDA:46,7,0,4
BRDA:46,7,1,2
BRF:14
BRH:12
end_of_record
TN:
SF:src/app/aether/atoms/date-time-range-dropdown/date-time-range-dropdown.component.ts
FN:74,(anonymous_0)
FN:81,(anonymous_1)
FN:99,(anonymous_2)
FN:113,(anonymous_3)
FN:138,(anonymous_4)
FN:158,(anonymous_5)
FN:183,(anonymous_6)
FN:214,(anonymous_7)
FN:217,(anonymous_8)
FN:235,(anonymous_9)
FN:260,(anonymous_10)
FN:288,(anonymous_11)
FN:297,(anonymous_12)
FN:269,(anonymous_13)
FN:302,(anonymous_14)
FN:306,(anonymous_15)
FN:320,(anonymous_16)
FN:324,(anonymous_17)
FN:340,(anonymous_18)
FN:343,(anonymous_19)
FN:344,(anonymous_20)
FN:345,(anonymous_21)
FN:346,(anonymous_22)
FN:362,(anonymous_23)
FN:398,(anonymous_24)
FN:407,(anonymous_25)
FNF:26
FNH:0
FNDA:0,(anonymous_0)
FNDA:0,(anonymous_1)
FNDA:0,(anonymous_2)
FNDA:0,(anonymous_3)
FNDA:0,(anonymous_4)
FNDA:0,(anonymous_5)
FNDA:0,(anonymous_6)
FNDA:0,(anonymous_7)
FNDA:0,(anonymous_8)
FNDA:0,(anonymous_9)
FNDA:0,(anonymous_10)
FNDA:0,(anonymous_11)
FNDA:0,(anonymous_12)
FNDA:0,(anonymous_13)
FNDA:0,(anonymous_14)
FNDA:0,(anonymous_15)
FNDA:0,(anonymous_16)
FNDA:0,(anonymous_17)
FNDA:0,(anonymous_18)
FNDA:0,(anonymous_19)
FNDA:0,(anonymous_20)
FNDA:0,(anonymous_21)
FNDA:0,(anonymous_22)
FNDA:0,(anonymous_23)
FNDA:0,(anonymous_24)
FNDA:0,(anonymous_25)
DA:48,1
DA:49,0
DA:59,0
DA:64,0
DA:69,0
DA:75,0
DA:76,0
DA:80,0
DA:82,0
DA:88,0
DA:93,0
DA:100,0
DA:101,0
DA:108,0
DA:114,0
DA:115,0
DA:122,0
DA:127,0
DA:132,0
DA:139,0
DA:140,0
DA:147,0
DA:152,0
DA:159,0
DA:160,0
DA:167,0
DA:172,0
DA:177,0
DA:184,0
DA:186,0
DA:188,0
DA:189,0
DA:198,0
DA:203,0
DA:208,0
DA:215,0
DA:217,0
DA:224,0
DA:229,0
DA:236,0
DA:237,0
DA:239,0
DA:241,0
DA:249,0
DA:254,0
DA:261,0
DA:262,0
DA:269,0
DA:275,0
DA:281,0
DA:289,0
DA:290,0
DA:297,0
DA:303,0
DA:307,0
DA:308,0
DA:309,0
DA:316,0
DA:317,0
DA:321,0
DA:323,0
DA:325,0
DA:326,0
DA:332,0
DA:338,0
DA:341,0
DA:342,0
DA:343,0
DA:344,0
DA:345,0
DA:347,0
DA:352,0
DA:363,0
DA:364,0
DA:366,0
DA:367,0
DA:369,0
DA:370,0
DA:372,0
DA:373,0
DA:375,0
DA:376,0
DA:378,0
DA:379,0
DA:381,0
DA:382,0
DA:384,0
DA:385,0
DA:387,0
DA:388,0
DA:390,0
DA:391,0
DA:392,0
DA:399,0
DA:400,0
DA:408,0
DA:409,0
DA:410,0
LF:98
LH:1
BRDA:75,0,0,0
BRDA:100,1,0,0
BRDA:114,2,0,0
BRDA:139,3,0,0
BRDA:159,4,0,0
BRDA:184,5,0,0
BRDA:188,6,0,0
BRDA:215,7,0,0
BRDA:236,8,0,0
BRDA:237,9,0,0
BRDA:237,9,1,0
BRDA:261,10,0,0
BRDA:289,11,0,0
BRDA:269,12,0,0
BRDA:269,12,1,0
BRDA:307,13,0,0
BRDA:307,13,1,0
BRDA:321,14,0,0
BRDA:325,15,0,0
BRDA:325,16,0,0
BRDA:325,16,1,0
BRDA:325,17,0,0
BRDA:325,17,1,0
BRDA:341,18,0,0
BRDA:399,19,0,0
BRDA:400,20,0,0
BRDA:400,20,1,0
BRF:27
BRH:0
end_of_record
TN:
SF:src/app/aether/atoms/display-context-browser/display-context-browser.component.ts
FN:94,(anonymous_0)
FN:115,(anonymous_1)
FN:153,(anonymous_2)
FN:335,(anonymous_3)
FN:344,(anonymous_4)
FN:408,(anonymous_5)
FN:430,(anonymous_6)
FN:500,(anonymous_7)
FN:510,(anonymous_8)
FN:176,(anonymous_9)
FN:176,(anonymous_10)
FN:182,(anonymous_11)
FN:182,(anonymous_12)
FN:188,(anonymous_13)
FN:188,(anonymous_14)
FN:194,(anonymous_15)
FN:194,(anonymous_16)
FN:194,(anonymous_17)
FN:201,(anonymous_18)
FN:204,(anonymous_19)
FN:205,(anonymous_20)
FN:214,(anonymous_21)
FN:214,(anonymous_22)
FN:220,(anonymous_23)
FN:220,(anonymous_24)
FN:293,(anonymous_25)
FN:294,(anonymous_26)
FN:365,(anonymous_27)
FN:370,(anonymous_28)
FN:478,(anonymous_29)
FN:479,(anonymous_30)
FN:518,(anonymous_31)
FN:519,(anonymous_32)
FN:522,(anonymous_33)
FN:544,(anonymous_34)
FN:546,(anonymous_35)
FN:548,(anonymous_36)
FN:560,(anonymous_37)
FN:568,(anonymous_38)
FN:575,(anonymous_39)
FN:594,(anonymous_40)
FN:595,(anonymous_41)
FN:598,(anonymous_42)
FN:616,(anonymous_43)
FN:630,(anonymous_44)
FN:646,(anonymous_45)
FN:667,(anonymous_46)
FN:691,(anonymous_47)
FN:693,(anonymous_48)
FN:699,(anonymous_49)
FN:702,(anonymous_50)
FN:726,(anonymous_51)
FN:735,(anonymous_52)
FN:743,(anonymous_53)
FN:758,(anonymous_54)
FN:762,(anonymous_55)
FN:779,(anonymous_56)
FN:798,(anonymous_57)
FN:807,(anonymous_58)
FN:829,(anonymous_59)
FNF:60
FNH:0
FNDA:0,(anonymous_0)
FNDA:0,(anonymous_1)
FNDA:0,(anonymous_2)
FNDA:0,(anonymous_3)
FNDA:0,(anonymous_4)
FNDA:0,(anonymous_5)
FNDA:0,(anonymous_6)
FNDA:0,(anonymous_7)
FNDA:0,(anonymous_8)
FNDA:0,(anonymous_9)
FNDA:0,(anonymous_10)
FNDA:0,(anonymous_11)
FNDA:0,(anonymous_12)
FNDA:0,(anonymous_13)
FNDA:0,(anonymous_14)
FNDA:0,(anonymous_15)
FNDA:0,(anonymous_16)
FNDA:0,(anonymous_17)
FNDA:0,(anonymous_18)
FNDA:0,(anonymous_19)
FNDA:0,(anonymous_20)
FNDA:0,(anonymous_21)
FNDA:0,(anonymous_22)
FNDA:0,(anonymous_23)
FNDA:0,(anonymous_24)
FNDA:0,(anonymous_25)
FNDA:0,(anonymous_26)
FNDA:0,(anonymous_27)
FNDA:0,(anonymous_28)
FNDA:0,(anonymous_29)
FNDA:0,(anonymous_30)
FNDA:0,(anonymous_31)
FNDA:0,(anonymous_32)
FNDA:0,(anonymous_33)
FNDA:0,(anonymous_34)
FNDA:0,(anonymous_35)
FNDA:0,(anonymous_36)
FNDA:0,(anonymous_37)
FNDA:0,(anonymous_38)
FNDA:0,(anonymous_39)
FNDA:0,(anonymous_40)
FNDA:0,(anonymous_41)
FNDA:0,(anonymous_42)
FNDA:0,(anonymous_43)
FNDA:0,(anonymous_44)
FNDA:0,(anonymous_45)
FNDA:0,(anonymous_46)
FNDA:0,(anonymous_47)
FNDA:0,(anonymous_48)
FNDA:0,(anonymous_49)
FNDA:0,(anonymous_50)
FNDA:0,(anonymous_51)
FNDA:0,(anonymous_52)
FNDA:0,(anonymous_53)
FNDA:0,(anonymous_54)
FNDA:0,(anonymous_55)
FNDA:0,(anonymous_56)
FNDA:0,(anonymous_57)
FNDA:0,(anonymous_58)
FNDA:0,(anonymous_59)
DA:74,1
DA:78,0
DA:83,0
DA:88,0
DA:95,0
DA:96,0
DA:97,0
DA:104,0
DA:109,0
DA:116,0
DA:117,0
DA:125,0
DA:131,0
DA:138,0
DA:145,0
DA:154,0
DA:155,0
DA:156,0
DA:163,0
DA:171,0
DA:176,0
DA:181,0
DA:182,0
DA:188,0
DA:193,0
DA:194,0
DA:200,0
DA:202,0
DA:204,0
DA:205,0
DA:213,0
DA:214,0
DA:220,0
DA:225,0
DA:230,0
DA:271,0
DA:276,0
DA:281,0
DA:288,0
DA:293,0
DA:294,0
DA:295,0
DA:302,0
DA:307,0
DA:312,0
DA:317,0
DA:322,0
DA:327,0
DA:336,0
DA:337,0
DA:345,0
DA:352,0
DA:357,0
DA:362,0
DA:366,0
DA:367,0
DA:368,0
DA:369,0
DA:370,0
DA:371,0
DA:372,0
DA:373,0
DA:375,0
DA:376,0
DA:377,0
DA:378,0
DA:380,0
DA:381,0
DA:382,0
DA:383,0
DA:384,0
DA:386,0
DA:387,0
DA:392,0
DA:393,0
DA:396,0
DA:400,0
DA:409,0
DA:410,0
DA:417,0
DA:422,0
DA:431,0
DA:432,0
DA:433,0
DA:464,0
DA:469,0
DA:478,0
DA:479,0
DA:480,0
DA:487,0
DA:492,0
DA:501,0
DA:502,0
DA:503,0
DA:511,0
DA:512,0
DA:513,0
DA:516,0
DA:518,0
DA:520,0
DA:521,0
DA:524,0
DA:530,0
DA:535,0
DA:542,0
DA:546,0
DA:547,0
DA:548,0
DA:560,0
DA:565,0
DA:568,0
DA:573,0
DA:576,0
DA:577,0
DA:578,0
DA:579,0
DA:581,0
DA:582,0
DA:588,0
DA:589,0
DA:590,0
DA:594,0
DA:596,0
DA:597,0
DA:600,0
DA:603,0
DA:608,0
DA:614,0
DA:618,0
DA:620,0
DA:621,0
DA:622,0
DA:623,0
DA:625,0
DA:630,0
DA:631,0
DA:632,0
DA:635,0
DA:636,0
DA:637,0
DA:641,0
DA:644,0
DA:646,0
DA:648,0
DA:651,0
DA:653,0
DA:654,0
DA:655,0
DA:659,0
DA:660,0
DA:661,0
DA:667,0
DA:668,0
DA:669,0
DA:670,0
DA:672,0
DA:677,0
DA:678,0
DA:680,0
DA:689,0
DA:691,0
DA:695,0
DA:696,0
DA:697,0
DA:700,0
DA:701,0
DA:704,0
DA:712,0
DA:717,0
DA:724,0
DA:726,0
DA:736,0
DA:737,0
DA:744,0
DA:745,0
DA:747,0
DA:748,0
DA:750,0
DA:751,0
DA:752,0
DA:759,0
DA:761,0
DA:762,0
DA:763,0
DA:765,0
DA:767,0
DA:768,0
DA:770,0
DA:772,0
DA:773,0
DA:780,0
DA:783,0
DA:784,0
DA:786,0
DA:790,0
DA:791,0
DA:803,0
DA:804,0
DA:806,0
DA:807,0
DA:810,0
DA:811,0
DA:812,0
DA:816,0
DA:817,0
DA:818,0
DA:821,0
DA:822,0
DA:830,0
DA:833,0
DA:834,0
DA:836,0
DA:840,0
DA:841,0
LF:214
LH:1
BRDA:95,0,0,0
BRDA:95,0,1,0
BRDA:96,1,0,0
BRDA:116,2,0,0
BRDA:154,3,0,0
BRDA:154,3,1,0
BRDA:155,4,0,0
BRDA:336,5,0,0
BRDA:409,6,0,0
BRDA:431,7,0,0
BRDA:431,7,1,0
BRDA:432,8,0,0
BRDA:501,9,0,0
BRDA:501,9,1,0
BRDA:502,10,0,0
BRDA:182,11,0,0
BRDA:182,11,1,0
BRDA:366,12,0,0
BRDA:368,13,0,0
BRDA:368,13,1,0
BRDA:369,14,0,0
BRDA:375,15,0,0
BRDA:375,15,1,0
BRDA:377,16,0,0
BRDA:383,17,0,0
BRDA:386,18,0,0
BRDA:392,19,0,0
BRDA:520,20,0,0
BRDA:524,21,0,0
BRDA:526,22,0,0
BRDA:526,22,1,0
BRDA:576,23,0,0
BRDA:576,23,1,0
BRDA:577,24,0,0
BRDA:581,25,0,0
BRDA:581,26,0,0
BRDA:581,26,1,0
BRDA:588,27,0,0
BRDA:596,28,0,0
BRDA:600,29,0,0
BRDA:601,30,0,0
BRDA:601,30,1,0
BRDA:620,31,0,0
BRDA:631,32,0,0
BRDA:633,33,0,0
BRDA:633,33,1,0
BRDA:635,34,0,0
BRDA:641,35,0,0
BRDA:641,35,1,0
BRDA:644,36,0,0
BRDA:644,36,1,0
BRDA:648,37,0,0
BRDA:648,37,1,0
BRDA:651,38,0,0
BRDA:651,38,1,0
BRDA:653,39,0,0
BRDA:659,40,0,0
BRDA:668,41,0,0
BRDA:677,42,0,0
BRDA:700,43,0,0
BRDA:704,44,0,0
BRDA:706,45,0,0
BRDA:706,45,1,0
BRDA:706,45,2,0
BRDA:706,45,3,0
BRDA:760,46,0,0
BRDA:760,46,1,0
BRDA:760,46,2,0
BRDA:761,47,0,0
BRDA:762,48,0,0
BRDA:762,48,1,0
BRDA:783,49,0,0
BRDA:783,49,1,0
BRDA:790,50,0,0
BRDA:810,51,0,0
BRDA:810,52,0,0
BRDA:810,52,1,0
BRDA:816,53,0,0
BRDA:821,54,0,0
BRDA:833,55,0,0
BRDA:833,55,1,0
BRDA:840,56,0,0
BRF:82
BRH:0
end_of_record
TN:
SF:src/app/aether/atoms/duration/duration.component.ts
FN:33,(anonymous_0)
FNF:1
FNH:0
FNDA:0,(anonymous_0)
DA:13,1
DA:22,0
DA:31,0
LF:3
LH:1
BRF:0
BRH:0
end_of_record
TN:
SF:src/app/aether/atoms/empty-state/empty-state-modes.ts
FN:165,(anonymous_0)
FN:168,provideEmptyStateModes
FNF:2
FNH:0
FNDA:0,(anonymous_0)
FNDA:0,provideEmptyStateModes
DA:12,1
DA:148,1
DA:164,1
DA:165,0
DA:169,0
LF:5
LH:3
BRF:0
BRH:0
end_of_record
TN:
SF:src/app/aether/atoms/empty-state/empty-state.component.ts
FN:77,(anonymous_0)
FN:83,(anonymous_1)
FN:42,(anonymous_2)
FN:43,(anonymous_3)
FN:44,(anonymous_4)
FN:46,(anonymous_5)
FN:47,(anonymous_6)
FN:48,(anonymous_7)
FN:49,(anonymous_8)
FN:57,(anonymous_9)
FN:85,(anonymous_10)
FN:89,(anonymous_11)
FNF:12
FNH:0
FNDA:0,(anonymous_0)
FNDA:0,(anonymous_1)
FNDA:0,(anonymous_2)
FNDA:0,(anonymous_3)
FNDA:0,(anonymous_4)
FNDA:0,(anonymous_5)
FNDA:0,(anonymous_6)
FNDA:0,(anonymous_7)
FNDA:0,(anonymous_8)
FNDA:0,(anonymous_9)
FNDA:0,(anonymous_10)
FNDA:0,(anonymous_11)
DA:28,1
DA:37,1
DA:38,0
DA:40,0
DA:42,0
DA:43,0
DA:44,0
DA:45,0
DA:46,0
DA:47,0
DA:48,0
DA:49,0
DA:50,0
DA:52,0
DA:53,0
DA:55,0
DA:57,0
DA:58,0
DA:60,0
DA:61,0
DA:64,0
DA:65,0
DA:67,0
DA:69,0
DA:72,0
DA:78,0
DA:81,0
DA:86,0
DA:90,0
LF:29
LH:2
BRDA:42,0,0,0
BRDA:42,0,1,0
BRDA:43,1,0,0
BRDA:43,1,1,0
BRDA:44,2,0,0
BRDA:44,2,1,0
BRDA:46,3,0,0
BRDA:46,3,1,0
BRDA:47,4,0,0
BRDA:47,4,1,0
BRDA:48,5,0,0
BRDA:48,5,1,0
BRDA:49,6,0,0
BRDA:49,6,1,0
BRDA:60,7,0,0
BRDA:64,8,0,0
BRDA:64,8,1,0
BRDA:68,9,0,0
BRDA:68,9,1,0
BRDA:69,10,0,0
BRDA:69,10,1,0
BRDA:72,11,0,0
BRDA:72,11,1,0
BRF:23
BRH:0
end_of_record
TN:
SF:src/app/aether/atoms/inline-notification/inline-notification.component.ts
FN:19,(anonymous_0)
FN:74,(anonymous_1)
FN:114,(anonymous_2)
FN:115,(anonymous_3)
FN:121,(anonymous_4)
FN:128,(anonymous_5)
FN:132,(anonymous_6)
FNF:7
FNH:0
FNDA:0,(anonymous_0)
FNDA:0,(anonymous_1)
FNDA:0,(anonymous_2)
FNDA:0,(anonymous_3)
FNDA:0,(anonymous_4)
FNDA:0,(anonymous_5)
FNDA:0,(anonymous_6)
DA:19,1
DA:20,0
DA:21,0
DA:26,0
DA:31,0
DA:36,0
DA:42,0
DA:47,0
DA:52,0
DA:57,0
DA:62,0
DA:67,0
DA:69,0
DA:74,0
DA:75,0
DA:76,0
DA:78,0
DA:80,0
DA:81,0
DA:82,0
DA:84,0
DA:85,0
DA:86,0
DA:88,0
DA:89,0
DA:90,0
DA:93,0
DA:94,0
DA:95,0
DA:97,0
DA:98,0
DA:99,0
DA:101,0
DA:102,0
DA:105,0
DA:114,0
DA:115,0
DA:122,0
DA:129,0
DA:133,0
LF:40
LH:1
BRDA:79,0,0,0
BRDA:79,0,1,0
BRDA:79,0,2,0
BRDA:79,0,3,0
BRDA:79,0,4,0
BRDA:79,0,5,0
BRDA:79,0,6,0
BRDA:81,1,0,0
BRDA:81,1,1,0
BRDA:85,2,0,0
BRDA:85,2,1,0
BRDA:89,3,0,0
BRDA:89,3,1,0
BRDA:94,4,0,0
BRDA:94,4,1,0
BRDA:98,5,0,0
BRDA:98,5,1,0
BRDA:101,6,0,0
BRDA:101,6,1,0
BRF:19
BRH:0
end_of_record
TN:
SF:src/app/aether/atoms/loading/loading/loading.component.ts
FN:27,(anonymous_0)
FN:47,(anonymous_1)
FN:70,(anonymous_2)
FN:57,(anonymous_3)
FN:75,(anonymous_4)
FN:80,(anonymous_5)
FNF:6
FNH:0
FNDA:0,(anonymous_0)
FNDA:0,(anonymous_1)
FNDA:0,(anonymous_2)
FNDA:0,(anonymous_3)
FNDA:0,(anonymous_4)
FNDA:0,(anonymous_5)
DA:17,1
DA:21,0
DA:28,0
DA:29,0
DA:36,0
DA:41,0
DA:48,0
DA:49,0
DA:56,0
DA:58,0
DA:70,0
DA:81,0
DA:82,0
DA:84,0
DA:85,0
LF:15
LH:1
BRDA:28,0,0,0
BRDA:48,1,0,0
BRDA:59,2,0,0
BRDA:59,2,1,0
BRDA:60,3,0,0
BRDA:60,3,1,0
BRDA:62,4,0,0
BRDA:62,4,1,0
BRF:8
BRH:0
end_of_record
TN:
SF:src/app/aether/atoms/loading/loading-spinner/loading-spinner.component.ts
FN:31,(anonymous_0)
FN:55,(anonymous_1)
FN:42,(anonymous_2)
FN:42,(anonymous_3)
FN:49,(anonymous_4)
FN:60,(anonymous_5)
FNF:6
FNH:0
FNDA:0,(anonymous_0)
FNDA:0,(anonymous_1)
FNDA:0,(anonymous_2)
FNDA:0,(anonymous_3)
FNDA:0,(anonymous_4)
FNDA:0,(anonymous_5)
DA:16,1
DA:20,0
DA:25,0
DA:32,0
DA:33,0
DA:34,0
DA:41,0
DA:42,0
DA:48,0
DA:49,0
DA:61,0
DA:62,0
LF:12
LH:1
BRDA:32,0,0,0
BRDA:32,0,1,0
BRDA:33,1,0,0
BRDA:49,2,0,0
BRDA:49,2,1,0
BRF:5
BRH:0
end_of_record
TN:
SF:src/app/aether/atoms/name-type-icon/name-type-icon.component.ts
FN:25,(anonymous_0)
FN:41,(anonymous_1)
FN:57,(anonymous_2)
FN:73,(anonymous_3)
FN:89,(anonymous_4)
FN:84,(anonymous_5)
FN:94,(anonymous_6)
FN:99,(anonymous_7)
FNF:8
FNH:0
FNDA:0,(anonymous_0)
FNDA:0,(anonymous_1)
FNDA:0,(anonymous_2)
FNDA:0,(anonymous_3)
FNDA:0,(anonymous_4)
FNDA:0,(anonymous_5)
FNDA:0,(anonymous_6)
FNDA:0,(anonymous_7)
DA:14,1
DA:20,0
DA:22,0
DA:26,0
DA:27,0
DA:36,0
DA:38,0
DA:42,0
DA:43,0
DA:52,0
DA:54,0
DA:58,0
DA:59,0
DA:68,0
DA:70,0
DA:74,0
DA:75,0
DA:84,0
DA:100,0
DA:101,0
DA:103,0
DA:104,0
DA:106,0
DA:107,0
DA:109,0
DA:110,0
LF:26
LH:1
BRDA:26,0,0,0
BRDA:42,1,0,0
BRDA:58,2,0,0
BRDA:74,3,0,0
BRDA:84,4,0,0
BRDA:84,4,1,0
BRF:6
BRH:0
end_of_record
TN:
SF:src/app/aether/atoms/pager/pager.component.ts
FN:32,(anonymous_0)
FN:36,(anonymous_1)
FN:49,(anonymous_2)
FN:53,(anonymous_3)
FN:69,(anonymous_4)
FN:73,(anonymous_5)
FN:89,(anonymous_6)
FN:93,(anonymous_7)
FN:100,(anonymous_8)
FN:113,(anonymous_9)
FN:118,(anonymous_10)
FN:121,(anonymous_11)
FN:128,(anonymous_12)
FN:138,(anonymous_13)
FN:152,(anonymous_14)
FN:163,(anonymous_15)
FN:184,(anonymous_16)
FN:185,(anonymous_17)
FN:191,(anonymous_18)
FN:198,(anonymous_19)
FN:205,(anonymous_20)
FN:212,(anonymous_21)
FNF:22
FNH:0
FNDA:0,(anonymous_0)
FNDA:0,(anonymous_1)
FNDA:0,(anonymous_2)
FNDA:0,(anonymous_3)
FNDA:0,(anonymous_4)
FNDA:0,(anonymous_5)
FNDA:0,(anonymous_6)
FNDA:0,(anonymous_7)
FNDA:0,(anonymous_8)
FNDA:0,(anonymous_9)
FNDA:0,(anonymous_10)
FNDA:0,(anonymous_11)
FNDA:0,(anonymous_12)
FNDA:0,(anonymous_13)
FNDA:0,(anonymous_14)
FNDA:0,(anonymous_15)
FNDA:0,(anonymous_16)
FNDA:0,(anonymous_17)
FNDA:0,(anonymous_18)
FNDA:0,(anonymous_19)
FNDA:0,(anonymous_20)
FNDA:0,(anonymous_21)
DA:19,1
DA:23,0
DA:28,0
DA:30,0
DA:33,0
DA:37,0
DA:38,0
DA:45,0
DA:47,0
DA:50,0
DA:54,0
DA:55,0
DA:56,0
DA:60,0
DA:65,0
DA:67,0
DA:70,0
DA:74,0
DA:75,0
DA:76,0
DA:80,0
DA:85,0
DA:87,0
DA:90,0
DA:94,0
DA:95,0
DA:97,0
DA:99,0
DA:100,0
DA:101,0
DA:108,0
DA:119,0
DA:121,0
DA:126,0
DA:128,0
DA:133,0
DA:140,0
DA:142,0
DA:143,0
DA:150,0
DA:153,0
DA:164,0
DA:165,0
DA:167,0
DA:168,0
DA:170,0
DA:171,0
DA:173,0
DA:174,0
DA:176,0
DA:177,0
DA:178,0
DA:185,0
DA:192,0
DA:199,0
DA:206,0
DA:214,0
DA:216,0
DA:218,0
DA:219,0
LF:60
LH:1
BRDA:37,0,0,0
BRDA:54,1,0,0
BRDA:54,1,1,0
BRDA:55,2,0,0
BRDA:74,3,0,0
BRDA:74,3,1,0
BRDA:75,4,0,0
BRDA:94,5,0,0
BRDA:99,6,0,0
BRDA:142,7,0,0
BRDA:142,8,0,0
BRDA:142,8,1,0
BRF:12
BRH:0
end_of_record
TN:
SF:src/app/aether/atoms/period/period.component.ts
FN:29,(anonymous_0)
FN:49,(anonymous_1)
FN:69,(anonymous_2)
FN:89,(anonymous_3)
FN:109,(anonymous_4)
FN:129,(anonymous_5)
FN:184,(anonymous_6)
FN:141,(anonymous_7)
FN:150,(anonymous_8)
FN:157,(anonymous_9)
FN:171,(anonymous_10)
FNF:11
FNH:0
FNDA:0,(anonymous_0)
FNDA:0,(anonymous_1)
FNDA:0,(anonymous_2)
FNDA:0,(anonymous_3)
FNDA:0,(anonymous_4)
FNDA:0,(anonymous_5)
FNDA:0,(anonymous_6)
FNDA:0,(anonymous_7)
FNDA:0,(anonymous_8)
FNDA:0,(anonymous_9)
FNDA:0,(anonymous_10)
DA:14,1
DA:18,0
DA:23,0
DA:30,0
DA:31,0
DA:38,0
DA:43,0
DA:50,0
DA:51,0
DA:58,0
DA:63,0
DA:70,0
DA:71,0
DA:78,0
DA:83,0
DA:90,0
DA:91,0
DA:98,0
DA:103,0
DA:110,0
DA:111,0
DA:118,0
DA:123,0
DA:130,0
DA:131,0
DA:140,0
DA:141,0
DA:149,0
DA:150,0
DA:156,0
DA:158,0
DA:170,0
DA:172,0
DA:184,0
LF:34
LH:1
BRDA:30,0,0,0
BRDA:50,1,0,0
BRDA:70,2,0,0
BRDA:70,3,0,0
BRDA:70,3,1,0
BRDA:90,4,0,0
BRDA:90,5,0,0
BRDA:90,5,1,0
BRDA:110,6,0,0
BRDA:130,7,0,0
BRDA:141,8,0,0
BRDA:141,8,1,0
BRDA:141,8,2,0
BRDA:150,9,0,0
BRDA:150,9,1,0
BRDA:150,9,2,0
BRDA:159,10,0,0
BRDA:159,10,1,0
BRDA:160,11,0,0
BRDA:160,11,1,0
BRDA:162,12,0,0
BRDA:162,12,1,0
BRDA:173,13,0,0
BRDA:173,13,1,0
BRDA:174,14,0,0
BRDA:174,14,1,0
BRDA:176,15,0,0
BRDA:176,15,1,0
BRF:28
BRH:0
end_of_record
TN:
SF:src/app/aether/atoms/pill/pill.component.ts
FN:35,(anonymous_0)
FN:43,(anonymous_1)
FN:50,(anonymous_2)
FN:57,(anonymous_3)
FN:64,(anonymous_4)
FN:73,(anonymous_5)
FN:75,(anonymous_6)
FN:77,(anonymous_7)
FNF:8
FNH:0
FNDA:0,(anonymous_0)
FNDA:0,(anonymous_1)
FNDA:0,(anonymous_2)
FNDA:0,(anonymous_3)
FNDA:0,(anonymous_4)
FNDA:0,(anonymous_5)
FNDA:0,(anonymous_6)
FNDA:0,(anonymous_7)
DA:16,1
DA:17,0
DA:18,0
DA:19,0
DA:20,0
DA:22,0
DA:24,0
DA:26,0
DA:28,0
DA:30,0
DA:32,0
DA:36,0
DA:37,0
DA:38,0
DA:44,0
DA:45,0
DA:51,0
DA:52,0
DA:58,0
DA:59,0
DA:65,0
DA:66,0
DA:78,0
DA:79,0
DA:81,0
DA:82,0
DA:84,0
DA:85,0
DA:87,0
DA:88,0
DA:90,0
DA:91,0
LF:32
LH:1
BRDA:36,0,0,0
BRDA:36,0,1,0
BRDA:37,1,0,0
BRDA:44,2,0,0
BRDA:51,3,0,0
BRDA:58,4,0,0
BRDA:65,5,0,0
BRF:7
BRH:0
end_of_record
TN:
SF:src/app/aether/atoms/pill-status-numbered/status-pill-numbered.component.ts
FN:37,(anonymous_0)
FN:44,(anonymous_1)
FN:51,(anonymous_2)
FN:60,(anonymous_3)
FN:25,(anonymous_4)
FN:62,(anonymous_5)
FN:64,(anonymous_6)
FNF:7
FNH:0
FNDA:0,(anonymous_0)
FNDA:0,(anonymous_1)
FNDA:0,(anonymous_2)
FNDA:0,(anonymous_3)
FNDA:0,(anonymous_4)
FNDA:0,(anonymous_5)
FNDA:0,(anonymous_6)
DA:15,1
DA:16,0
DA:17,0
DA:18,0
DA:20,0
DA:22,0
DA:24,0
DA:26,0
DA:27,0
DA:30,0
DA:34,0
DA:38,0
DA:39,0
DA:45,0
DA:46,0
DA:52,0
DA:53,0
DA:65,0
DA:66,0
DA:68,0
DA:69,0
DA:71,0
DA:72,0
LF:23
LH:1
BRDA:38,0,0,0
BRDA:45,1,0,0
BRDA:52,2,0,0
BRDA:26,3,0,0
BRDA:26,4,0,0
BRDA:26,4,1,0
BRDA:26,4,2,0
BRDA:26,4,3,0
BRF:8
BRH:0
end_of_record
TN:
SF:src/app/aether/atoms/search-bar/search-bar.component.ts
FN:63,(anonymous_0)
FN:93,(anonymous_1)
FN:119,(anonymous_2)
FN:127,(anonymous_3)
FN:152,(anonymous_4)
FN:160,(anonymous_5)
FN:191,(anonymous_6)
FN:200,(anonymous_7)
FN:77,(anonymous_8)
FN:185,(anonymous_9)
FN:205,(anonymous_10)
FN:210,(anonymous_11)
FN:223,(anonymous_12)
FN:236,(anonymous_13)
FN:257,(anonymous_14)
FNF:15
FNH:0
FNDA:0,(anonymous_0)
FNDA:0,(anonymous_1)
FNDA:0,(anonymous_2)
FNDA:0,(anonymous_3)
FNDA:0,(anonymous_4)
FNDA:0,(anonymous_5)
FNDA:0,(anonymous_6)
FNDA:0,(anonymous_7)
FNDA:0,(anonymous_8)
FNDA:0,(anonymous_9)
FNDA:0,(anonymous_10)
FNDA:0,(anonymous_11)
FNDA:0,(anonymous_12)
FNDA:0,(anonymous_13)
FNDA:0,(anonymous_14)
DA:31,1
DA:35,0
DA:41,0
DA:47,0
DA:52,0
DA:57,0
DA:64,0
DA:65,0
DA:66,0
DA:68,0
DA:77,0
DA:82,0
DA:87,0
DA:94,0
DA:95,0
DA:96,0
DA:97,0
DA:98,0
DA:99,0
DA:101,0
DA:109,0
DA:114,0
DA:120,0
DA:128,0
DA:129,0
DA:137,0
DA:142,0
DA:147,0
DA:153,0
DA:161,0
DA:162,0
DA:170,0
DA:175,0
DA:180,0
DA:185,0
DA:192,0
DA:193,0
DA:200,0
DA:207,0
DA:211,0
DA:212,0
DA:220,0
DA:224,0
DA:225,0
DA:237,0
DA:238,0
DA:240,0
DA:241,0
DA:243,0
DA:244,0
DA:246,0
DA:247,0
DA:249,0
DA:250,0
DA:251,0
DA:258,0
LF:56
LH:1
BRDA:64,0,0,0
BRDA:65,1,0,0
BRDA:65,1,1,0
BRDA:94,2,0,0
BRDA:95,3,0,0
BRDA:95,3,1,0
BRDA:128,4,0,0
BRDA:161,5,0,0
BRDA:192,6,0,0
BRDA:77,7,0,0
BRDA:77,7,1,0
BRDA:185,8,0,0
BRDA:185,8,1,0
BRDA:211,9,0,0
BRDA:224,10,0,0
BRF:15
BRH:0
end_of_record
TN:
SF:src/app/aether/atoms/search-bar/models/search-bar.models.ts
FNF:0
FNH:0
DA:38,1
DA:139,1
LF:2
LH:2
BRF:0
BRH:0
end_of_record
TN:
SF:src/app/aether/atoms/status-icon/status-icon.component.ts
FN:78,(anonymous_0)
FN:18,(anonymous_1)
FN:24,(anonymous_2)
FN:26,(anonymous_3)
FN:44,(anonymous_4)
FN:46,(anonymous_5)
FNF:6
FNH:0
FNDA:0,(anonymous_0)
FNDA:0,(anonymous_1)
FNDA:0,(anonymous_2)
FNDA:0,(anonymous_3)
FNDA:0,(anonymous_4)
FNDA:0,(anonymous_5)
DA:16,1
DA:17,0
DA:19,0
DA:20,0
DA:21,0
DA:23,0
DA:24,0
DA:25,0
DA:26,0
DA:28,0
DA:31,0
DA:35,0
DA:39,0
DA:44,0
DA:46,0
DA:47,0
DA:48,0
DA:49,0
DA:51,0
DA:53,0
DA:54,0
DA:55,0
DA:57,0
DA:58,0
DA:59,0
DA:61,0
DA:62,0
DA:63,0
DA:65,0
DA:66,0
DA:67,0
DA:69,0
DA:72,0
LF:33
LH:1
BRDA:19,0,0,0
BRDA:20,1,0,0
BRDA:20,1,1,0
BRDA:25,2,0,0
BRDA:25,2,1,0
BRDA:44,3,0,0
BRDA:44,3,1,0
BRDA:52,4,0,0
BRDA:52,4,1,0
BRDA:52,4,2,0
BRDA:52,4,3,0
BRDA:52,4,4,0
BRF:12
BRH:0
end_of_record
TN:
SF:src/app/aether/atoms/status-pill/status-pill.component.ts
FN:35,(anonymous_0)
FN:55,(anonymous_1)
FN:80,(anonymous_2)
FN:65,(anonymous_3)
FN:72,(anonymous_4)
FN:74,(anonymous_5)
FN:74,(anonymous_6)
FN:85,(anonymous_7)
FN:90,(anonymous_8)
FNF:9
FNH:0
FNDA:0,(anonymous_0)
FNDA:0,(anonymous_1)
FNDA:0,(anonymous_2)
FNDA:0,(anonymous_3)
FNDA:0,(anonymous_4)
FNDA:0,(anonymous_5)
FNDA:0,(anonymous_6)
FNDA:0,(anonymous_7)
FNDA:0,(anonymous_8)
DA:17,1
DA:21,0
DA:26,0
DA:36,0
DA:37,0
DA:44,0
DA:49,0
DA:56,0
DA:57,0
DA:65,0
DA:70,0
DA:72,0
DA:74,0
DA:91,0
DA:92,0
DA:94,0
DA:95,0
LF:17
LH:1
BRDA:36,0,0,0
BRDA:56,1,0,0
BRDA:65,2,0,0
BRDA:65,2,1,0
BRDA:72,3,0,0
BRDA:72,3,1,0
BRF:6
BRH:0
end_of_record
TN:
SF:src/app/aether/atoms/toast/toast.service.ts
FN:23,(anonymous_0)
FN:28,(anonymous_1)
FNF:2
FNH:1
FNDA:17,(anonymous_0)
FNDA:0,(anonymous_1)
DA:9,1
DA:13,17
DA:18,17
DA:29,0
LF:4
LH:3
BRF:0
BRH:0
end_of_record
TN:
SF:src/app/aether/molecules/card/card.component.ts
FN:29,(anonymous_0)
FN:53,(anonymous_1)
FN:72,(anonymous_2)
FN:91,(anonymous_3)
FN:110,(anonymous_4)
FN:131,(anonymous_5)
FN:38,(anonymous_6)
FN:136,(anonymous_7)
FNF:8
FNH:0
FNDA:0,(anonymous_0)
FNDA:0,(anonymous_1)
FNDA:0,(anonymous_2)
FNDA:0,(anonymous_3)
FNDA:0,(anonymous_4)
FNDA:0,(anonymous_5)
FNDA:0,(anonymous_6)
FNDA:0,(anonymous_7)
DA:15,1
DA:19,0
DA:24,0
DA:30,0
DA:31,0
DA:38,0
DA:43,0
DA:48,0
DA:54,0
DA:55,0
DA:62,0
DA:67,0
DA:73,0
DA:74,0
DA:81,0
DA:86,0
DA:92,0
DA:93,0
DA:100,0
DA:105,0
DA:111,0
DA:112,0
DA:116,0
DA:121,0
DA:126,0
DA:137,0
DA:138,0
DA:140,0
DA:141,0
DA:143,0
DA:144,0
DA:146,0
DA:147,0
LF:33
LH:1
BRDA:30,0,0,0
BRDA:54,1,0,0
BRDA:73,2,0,0
BRDA:92,3,0,0
BRDA:111,4,0,0
BRF:5
BRH:0
end_of_record
TN:
SF:src/app/aether/molecules/dropdown-multi-select/dropdown-multi-select.component.ts
FN:123,(anonymous_0)
FN:137,(anonymous_1)
FN:156,(anonymous_2)
FN:175,(anonymous_3)
FN:228,(anonymous_4)
FN:239,(anonymous_5)
FN:251,(anonymous_6)
FN:315,(anonymous_7)
FN:318,(anonymous_8)
FN:340,(anonymous_9)
FN:343,(anonymous_10)
FN:407,(anonymous_11)
FN:498,(anonymous_12)
FN:517,(anonymous_13)
FN:536,(anonymous_14)
FN:545,(anonymous_15)
FN:216,(anonymous_16)
FN:217,(anonymous_17)
FN:221,(anonymous_18)
FN:246,(anonymous_19)
FN:272,(anonymous_20)
FN:299,(anonymous_21)
FN:361,(anonymous_22)
FN:361,(anonymous_23)
FN:361,(anonymous_24)
FN:361,(anonymous_25)
FN:361,(anonymous_26)
FN:371,(anonymous_27)
FN:417,(anonymous_28)
FN:421,(anonymous_29)
FN:421,(anonymous_30)
FN:441,(anonymous_31)
FN:447,(anonymous_32)
FN:447,(anonymous_33)
FN:462,(anonymous_34)
FN:550,(anonymous_35)
FN:554,(anonymous_36)
FN:556,(anonymous_37)
FN:582,(anonymous_38)
FN:585,(anonymous_39)
FN:595,(anonymous_40)
FN:598,(anonymous_41)
FN:602,(anonymous_42)
FN:612,(anonymous_43)
FN:617,(anonymous_44)
FN:624,(anonymous_45)
FN:631,(anonymous_46)
FN:640,(anonymous_47)
FN:677,(anonymous_48)
FN:695,(anonymous_49)
FN:700,(anonymous_50)
FN:705,(anonymous_51)
FN:706,(anonymous_52)
FN:718,(anonymous_53)
FN:729,(anonymous_54)
FN:741,(anonymous_55)
FN:752,(anonymous_56)
FN:760,(anonymous_57)
FN:762,(anonymous_58)
FN:768,(anonymous_59)
FNF:60
FNH:0
FNDA:0,(anonymous_0)
FNDA:0,(anonymous_1)
FNDA:0,(anonymous_2)
FNDA:0,(anonymous_3)
FNDA:0,(anonymous_4)
FNDA:0,(anonymous_5)
FNDA:0,(anonymous_6)
FNDA:0,(anonymous_7)
FNDA:0,(anonymous_8)
FNDA:0,(anonymous_9)
FNDA:0,(anonymous_10)
FNDA:0,(anonymous_11)
FNDA:0,(anonymous_12)
FNDA:0,(anonymous_13)
FNDA:0,(anonymous_14)
FNDA:0,(anonymous_15)
FNDA:0,(anonymous_16)
FNDA:0,(anonymous_17)
FNDA:0,(anonymous_18)
FNDA:0,(anonymous_19)
FNDA:0,(anonymous_20)
FNDA:0,(anonymous_21)
FNDA:0,(anonymous_22)
FNDA:0,(anonymous_23)
FNDA:0,(anonymous_24)
FNDA:0,(anonymous_25)
FNDA:0,(anonymous_26)
FNDA:0,(anonymous_27)
FNDA:0,(anonymous_28)
FNDA:0,(anonymous_29)
FNDA:0,(anonymous_30)
FNDA:0,(anonymous_31)
FNDA:0,(anonymous_32)
FNDA:0,(anonymous_33)
FNDA:0,(anonymous_34)
FNDA:0,(anonymous_35)
FNDA:0,(anonymous_36)
FNDA:0,(anonymous_37)
FNDA:0,(anonymous_38)
FNDA:0,(anonymous_39)
FNDA:0,(anonymous_40)
FNDA:0,(anonymous_41)
FNDA:0,(anonymous_42)
FNDA:0,(anonymous_43)
FNDA:0,(anonymous_44)
FNDA:0,(anonymous_45)
FNDA:0,(anonymous_46)
FNDA:0,(anonymous_47)
FNDA:0,(anonymous_48)
FNDA:0,(anonymous_49)
FNDA:0,(anonymous_50)
FNDA:0,(anonymous_51)
FNDA:0,(anonymous_52)
FNDA:0,(anonymous_53)
FNDA:0,(anonymous_54)
FNDA:0,(anonymous_55)
FNDA:0,(anonymous_56)
FNDA:0,(anonymous_57)
FNDA:0,(anonymous_58)
FNDA:0,(anonymous_59)
DA:55,1
DA:80,1
DA:84,0
DA:90,0
DA:96,0
DA:102,0
DA:108,0
DA:113,0
DA:118,0
DA:124,0
DA:125,0
DA:132,0
DA:138,0
DA:139,0
DA:146,0
DA:151,0
DA:157,0
DA:158,0
DA:165,0
DA:170,0
DA:176,0
DA:177,0
DA:184,0
DA:189,0
DA:194,0
DA:199,0
DA:204,0
DA:209,0
DA:214,0
DA:216,0
DA:218,0
DA:221,0
DA:230,0
DA:231,0
DA:232,0
DA:240,0
DA:246,0
DA:253,0
DA:255,0
DA:262,0
DA:267,0
DA:272,0
DA:277,0
DA:282,0
DA:287,0
DA:292,0
DA:299,0
DA:304,0
DA:309,0
DA:318,0
DA:319,0
DA:320,0
DA:324,0
DA:330,0
DA:335,0
DA:343,0
DA:344,0
DA:346,0
DA:354,0
DA:359,0
DA:361,0
DA:370,0
DA:371,0
DA:379,0
DA:384,0
DA:391,0
DA:402,0
DA:408,0
DA:409,0
DA:416,0
DA:418,0
DA:420,0
DA:421,0
DA:422,0
DA:431,0
DA:440,0
DA:443,0
DA:445,0
DA:446,0
DA:447,0
DA:448,0
DA:451,0
DA:452,0
DA:456,0
DA:459,0
DA:461,0
DA:462,0
DA:463,0
DA:465,0
DA:468,0
DA:476,0
DA:481,0
DA:488,0
DA:493,0
DA:499,0
DA:500,0
DA:507,0
DA:512,0
DA:518,0
DA:519,0
DA:526,0
DA:531,0
DA:537,0
DA:538,0
DA:545,0
DA:552,0
DA:555,0
DA:557,0
DA:558,0
DA:566,0
DA:567,0
DA:569,0
DA:579,0
DA:583,0
DA:584,0
DA:585,0
DA:593,0
DA:596,0
DA:598,0
DA:602,0
DA:610,0
DA:613,0
DA:615,0
DA:618,0
DA:623,0
DA:624,0
DA:631,0
DA:641,0
DA:642,0
DA:643,0
DA:644,0
DA:645,0
DA:647,0
DA:648,0
DA:649,0
DA:650,0
DA:652,0
DA:653,0
DA:654,0
DA:655,0
DA:656,0
DA:658,0
DA:659,0
DA:664,0
DA:665,0
DA:668,0
DA:671,0
DA:678,0
DA:680,0
DA:682,0
DA:683,0
DA:684,0
DA:685,0
DA:688,0
DA:696,0
DA:697,0
DA:698,0
DA:700,0
DA:701,0
DA:705,0
DA:706,0
DA:710,0
DA:711,0
DA:720,0
DA:721,0
DA:723,0
DA:730,0
DA:731,0
DA:732,0
DA:734,0
DA:735,0
DA:742,0
DA:743,0
DA:744,0
DA:746,0
DA:753,0
DA:754,0
DA:761,0
DA:762,0
DA:769,0
DA:770,0
DA:772,0
DA:773,0
DA:775,0
DA:776,0
DA:778,0
DA:779,0
DA:781,0
DA:782,0
DA:784,0
DA:785,0
DA:787,0
DA:788,0
DA:790,0
DA:791,0
DA:793,0
DA:794,0
DA:796,0
DA:797,0
DA:799,0
DA:800,0
DA:802,0
DA:803,0
DA:805,0
DA:806,0
DA:808,0
DA:809,0
DA:811,0
DA:812,0
DA:814,0
DA:815,0
DA:817,0
DA:818,0
DA:820,0
DA:821,0
DA:823,0
DA:824,0
DA:825,0
LF:218
LH:2
BRDA:124,0,0,0
BRDA:138,1,0,0
BRDA:157,2,0,0
BRDA:176,3,0,0
BRDA:230,4,0,0
BRDA:230,4,1,0
BRDA:231,5,0,0
BRDA:253,6,0,0
BRDA:318,7,0,0
BRDA:318,7,1,0
BRDA:319,8,0,0
BRDA:344,9,0,0
BRDA:408,10,0,0
BRDA:499,11,0,0
BRDA:518,12,0,0
BRDA:537,13,0,0
BRDA:216,14,0,0
BRDA:216,14,1,0
BRDA:216,14,2,0
BRDA:221,15,0,0
BRDA:221,15,1,0
BRDA:272,16,0,0
BRDA:272,16,1,0
BRDA:361,17,0,0
BRDA:361,17,1,0
BRDA:418,18,0,0
BRDA:420,19,0,0
BRDA:423,20,0,0
BRDA:423,20,1,0
BRDA:424,21,0,0
BRDA:424,21,1,0
BRDA:443,22,0,0
BRDA:443,22,1,0
BRDA:445,23,0,0
BRDA:445,23,1,0
BRDA:446,24,0,0
BRDA:446,24,1,0
BRDA:447,25,0,0
BRDA:447,26,0,0
BRDA:447,26,1,0
BRDA:451,27,0,0
BRDA:461,28,0,0
BRDA:461,28,1,0
BRDA:463,29,0,0
BRDA:463,29,1,0
BRDA:555,30,0,0
BRDA:555,30,1,0
BRDA:558,31,0,0
BRDA:560,32,0,0
BRDA:560,32,1,0
BRDA:560,32,2,0
BRDA:562,33,0,0
BRDA:562,33,1,0
BRDA:566,34,0,0
BRDA:566,35,0,0
BRDA:566,35,1,0
BRDA:584,36,0,0
BRDA:597,37,0,0
BRDA:597,37,1,0
BRDA:613,38,0,0
BRDA:613,38,1,0
BRDA:616,39,0,0
BRDA:616,39,1,0
BRDA:618,40,0,0
BRDA:618,40,1,0
BRDA:619,41,0,0
BRDA:619,41,1,0
BRDA:627,42,0,0
BRDA:627,42,1,0
BRDA:642,43,0,0
BRDA:642,43,1,0
BRDA:644,44,0,0
BRDA:644,44,1,0
BRDA:647,45,0,0
BRDA:647,45,1,0
BRDA:649,46,0,0
BRDA:655,47,0,0
BRDA:658,48,0,0
BRDA:664,49,0,0
BRDA:678,50,0,0
BRDA:678,50,1,0
BRDA:680,51,0,0
BRDA:682,52,0,0
BRDA:683,53,0,0
BRDA:683,53,1,0
BRDA:684,54,0,0
BRDA:696,55,0,0
BRDA:698,56,0,0
BRDA:698,56,1,0
BRDA:700,57,0,0
BRDA:705,58,0,0
BRDA:710,59,0,0
BRDA:730,60,0,0
BRDA:742,61,0,0
BRF:94
BRH:0
end_of_record
TN:
SF:src/app/aether/molecules/dropdown-single-select/dropdown-single-select.component.ts
FN:174,(anonymous_0)
FN:194,(anonymous_1)
FN:217,(anonymous_2)
FN:270,(anonymous_3)
FN:281,(anonymous_4)
FN:293,(anonymous_5)
FN:357,(anonymous_6)
FN:369,(anonymous_7)
FN:395,(anonymous_8)
FN:433,(anonymous_9)
FN:512,(anonymous_10)
FN:531,(anonymous_11)
FN:559,(anonymous_12)
FN:578,(anonymous_13)
FN:594,(anonymous_14)
FN:599,(anonymous_15)
FN:605,(anonymous_16)
FN:621,(anonymous_17)
FN:163,(anonymous_18)
FN:164,(anonymous_19)
FN:204,(anonymous_20)
FN:204,(anonymous_21)
FN:258,(anonymous_22)
FN:259,(anonymous_23)
FN:263,(anonymous_24)
FN:288,(anonymous_25)
FN:314,(anonymous_26)
FN:341,(anonymous_27)
FN:377,(anonymous_28)
FN:444,(anonymous_29)
FN:448,(anonymous_30)
FN:463,(anonymous_31)
FN:464,(anonymous_32)
FN:475,(anonymous_33)
FN:483,(anonymous_34)
FN:483,(anonymous_35)
FN:541,(anonymous_36)
FN:542,(anonymous_37)
FN:588,(anonymous_38)
FN:626,(anonymous_39)
FN:630,(anonymous_40)
FN:632,(anonymous_41)
FN:658,(anonymous_42)
FN:661,(anonymous_43)
FN:670,(anonymous_44)
FN:690,(anonymous_45)
FN:693,(anonymous_46)
FN:697,(anonymous_47)
FN:715,(anonymous_48)
FN:720,(anonymous_49)
FN:727,(anonymous_50)
FN:734,(anonymous_51)
FN:743,(anonymous_52)
FN:780,(anonymous_53)
FN:799,(anonymous_54)
FN:815,(anonymous_55)
FN:827,(anonymous_56)
FN:838,(anonymous_57)
FN:846,(anonymous_58)
FN:848,(anonymous_59)
FN:854,(anonymous_60)
FN:914,(anonymous_61)
FN:918,(anonymous_62)
FN:922,(anonymous_63)
FN:926,(anonymous_64)
FN:86,(anonymous_66)
FNF:66
FNH:1
FNDA:0,(anonymous_0)
FNDA:0,(anonymous_1)
FNDA:0,(anonymous_2)
FNDA:0,(anonymous_3)
FNDA:0,(anonymous_4)
FNDA:0,(anonymous_5)
FNDA:0,(anonymous_6)
FNDA:0,(anonymous_7)
FNDA:0,(anonymous_8)
FNDA:0,(anonymous_9)
FNDA:0,(anonymous_10)
FNDA:0,(anonymous_11)
FNDA:0,(anonymous_12)
FNDA:0,(anonymous_13)
FNDA:0,(anonymous_14)
FNDA:0,(anonymous_15)
FNDA:0,(anonymous_16)
FNDA:0,(anonymous_17)
FNDA:0,(anonymous_18)
FNDA:0,(anonymous_19)
FNDA:0,(anonymous_20)
FNDA:0,(anonymous_21)
FNDA:0,(anonymous_22)
FNDA:0,(anonymous_23)
FNDA:0,(anonymous_24)
FNDA:0,(anonymous_25)
FNDA:0,(anonymous_26)
FNDA:0,(anonymous_27)
FNDA:0,(anonymous_28)
FNDA:0,(anonymous_29)
FNDA:0,(anonymous_30)
FNDA:0,(anonymous_31)
FNDA:0,(anonymous_32)
FNDA:0,(anonymous_33)
FNDA:0,(anonymous_34)
FNDA:0,(anonymous_35)
FNDA:0,(anonymous_36)
FNDA:0,(anonymous_37)
FNDA:0,(anonymous_38)
FNDA:0,(anonymous_39)
FNDA:0,(anonymous_40)
FNDA:0,(anonymous_41)
FNDA:0,(anonymous_42)
FNDA:0,(anonymous_43)
FNDA:0,(anonymous_44)
FNDA:0,(anonymous_45)
FNDA:0,(anonymous_46)
FNDA:0,(anonymous_47)
FNDA:0,(anonymous_48)
FNDA:0,(anonymous_49)
FNDA:0,(anonymous_50)
FNDA:0,(anonymous_51)
FNDA:0,(anonymous_52)
FNDA:0,(anonymous_53)
FNDA:0,(anonymous_54)
FNDA:0,(anonymous_55)
FNDA:0,(anonymous_56)
FNDA:0,(anonymous_57)
FNDA:0,(anonymous_58)
FNDA:0,(anonymous_59)
FNDA:0,(anonymous_60)
FNDA:0,(anonymous_61)
FNDA:0,(anonymous_62)
FNDA:0,(anonymous_63)
FNDA:0,(anonymous_64)
FNDA:1,(anonymous_66)
DA:43,1
DA:50,1
DA:57,1
DA:73,1
DA:86,1
DA:107,1
DA:111,0
DA:113,0
DA:120,0
DA:126,0
DA:132,0
DA:138,0
DA:144,0
DA:150,0
DA:163,0
DA:164,0
DA:169,0
DA:175,0
DA:176,0
DA:183,0
DA:188,0
DA:189,0
DA:195,0
DA:196,0
DA:203,0
DA:204,0
DA:212,0
DA:218,0
DA:219,0
DA:226,0
DA:231,0
DA:236,0
DA:241,0
DA:246,0
DA:251,0
DA:256,0
DA:258,0
DA:260,0
DA:263,0
DA:272,0
DA:273,0
DA:274,0
DA:282,0
DA:288,0
DA:295,0
DA:297,0
DA:304,0
DA:309,0
DA:314,0
DA:319,0
DA:324,0
DA:329,0
DA:334,0
DA:341,0
DA:346,0
DA:351,0
DA:358,0
DA:359,0
DA:360,0
DA:363,0
DA:370,0
DA:376,0
DA:377,0
DA:385,0
DA:390,0
DA:396,0
DA:398,0
DA:406,0
DA:411,0
DA:416,0
DA:423,0
DA:428,0
DA:434,0
DA:435,0
DA:436,0
DA:443,0
DA:445,0
DA:447,0
DA:448,0
DA:453,0
DA:462,0
DA:464,0
DA:474,0
DA:475,0
DA:482,0
DA:483,0
DA:490,0
DA:495,0
DA:502,0
DA:507,0
DA:513,0
DA:514,0
DA:521,0
DA:526,0
DA:532,0
DA:533,0
DA:540,0
DA:542,0
DA:549,0
DA:554,0
DA:560,0
DA:561,0
DA:568,0
DA:573,0
DA:579,0
DA:580,0
DA:587,0
DA:588,0
DA:593,0
DA:595,0
DA:598,0
DA:600,0
DA:603,0
DA:606,0
DA:609,0
DA:611,0
DA:613,0
DA:615,0
DA:616,0
DA:621,0
DA:628,0
DA:631,0
DA:633,0
DA:634,0
DA:642,0
DA:643,0
DA:645,0
DA:655,0
DA:659,0
DA:660,0
DA:661,0
DA:668,0
DA:671,0
DA:672,0
DA:673,0
DA:679,0
DA:680,0
DA:688,0
DA:691,0
DA:693,0
DA:698,0
DA:699,0
DA:701,0
DA:702,0
DA:704,0
DA:713,0
DA:716,0
DA:718,0
DA:721,0
DA:726,0
DA:727,0
DA:734,0
DA:744,0
DA:745,0
DA:746,0
DA:747,0
DA:748,0
DA:750,0
DA:751,0
DA:752,0
DA:753,0
DA:755,0
DA:756,0
DA:757,0
DA:758,0
DA:759,0
DA:761,0
DA:762,0
DA:767,0
DA:768,0
DA:771,0
DA:774,0
DA:781,0
DA:783,0
DA:784,0
DA:786,0
DA:787,0
DA:788,0
DA:789,0
DA:792,0
DA:800,0
DA:801,0
DA:803,0
DA:804,0
DA:805,0
DA:807,0
DA:808,0
DA:816,0
DA:817,0
DA:818,0
DA:820,0
DA:821,0
DA:828,0
DA:829,0
DA:830,0
DA:832,0
DA:839,0
DA:840,0
DA:847,0
DA:848,0
DA:855,0
DA:856,0
DA:858,0
DA:859,0
DA:861,0
DA:862,0
DA:864,0
DA:865,0
DA:867,0
DA:868,0
DA:870,0
DA:871,0
DA:873,0
DA:874,0
DA:876,0
DA:877,0
DA:879,0
DA:880,0
DA:882,0
DA:883,0
DA:885,0
DA:886,0
DA:888,0
DA:889,0
DA:891,0
DA:892,0
DA:894,0
DA:895,0
DA:897,0
DA:898,0
DA:900,0
DA:901,0
DA:903,0
DA:904,0
DA:906,0
DA:907,0
DA:909,0
DA:910,0
DA:911,0
DA:915,0
DA:919,0
DA:923,0
DA:927,0
LF:243
LH:6
BRDA:175,0,0,0
BRDA:195,1,0,0
BRDA:218,2,0,0
BRDA:272,3,0,0
BRDA:272,3,1,0
BRDA:273,4,0,0
BRDA:295,5,0,0
BRDA:358,6,0,0
BRDA:396,7,0,0
BRDA:435,8,0,0
BRDA:513,9,0,0
BRDA:532,10,0,0
BRDA:560,11,0,0
BRDA:579,12,0,0
BRDA:258,13,0,0
BRDA:258,13,1,0
BRDA:258,13,2,0
BRDA:263,14,0,0
BRDA:263,14,1,0
BRDA:314,15,0,0
BRDA:314,15,1,0
BRDA:445,16,0,0
BRDA:447,17,0,0
BRDA:449,18,0,0
BRDA:449,18,1,0
BRDA:448,19,0,0
BRDA:448,19,1,0
BRDA:464,20,0,0
BRDA:464,20,1,0
BRDA:464,21,0,0
BRDA:464,21,1,0
BRDA:465,22,0,0
BRDA:465,22,1,0
BRDA:475,23,0,0
BRDA:475,23,1,0
BRDA:475,24,0,0
BRDA:475,24,1,0
BRDA:483,25,0,0
BRDA:483,25,1,0
BRDA:483,26,0,0
BRDA:483,26,1,0
BRDA:542,27,0,0
BRDA:542,27,1,0
BRDA:542,28,0,0
BRDA:542,28,1,0
BRDA:542,28,2,0
BRDA:542,28,3,0
BRDA:588,29,0,0
BRDA:588,29,1,0
BRDA:588,29,2,0
BRDA:588,29,3,0
BRDA:631,30,0,0
BRDA:631,30,1,0
BRDA:634,31,0,0
BRDA:636,32,0,0
BRDA:636,32,1,0
BRDA:636,32,2,0
BRDA:638,33,0,0
BRDA:638,33,1,0
BRDA:642,34,0,0
BRDA:660,35,0,0
BRDA:671,36,0,0
BRDA:671,36,1,0
BRDA:692,37,0,0
BRDA:692,37,1,0
BRDA:698,38,0,0
BRDA:701,39,0,0
BRDA:716,40,0,0
BRDA:716,40,1,0
BRDA:719,41,0,0
BRDA:719,41,1,0
BRDA:721,42,0,0
BRDA:721,42,1,0
BRDA:722,43,0,0
BRDA:722,43,1,0
BRDA:730,44,0,0
BRDA:730,44,1,0
BRDA:745,45,0,0
BRDA:745,45,1,0
BRDA:747,46,0,0
BRDA:747,46,1,0
BRDA:750,47,0,0
BRDA:750,47,1,0
BRDA:752,48,0,0
BRDA:758,49,0,0
BRDA:761,50,0,0
BRDA:767,51,0,0
BRDA:781,52,0,0
BRDA:781,52,1,0
BRDA:783,53,0,0
BRDA:786,54,0,0
BRDA:787,55,0,0
BRDA:787,55,1,0
BRDA:788,56,0,0
BRDA:800,57,0,0
BRDA:803,58,0,0
BRDA:803,58,1,0
BRDA:807,59,0,0
BRDA:816,60,0,0
BRDA:828,61,0,0
BRF:100
BRH:0
end_of_record
TN:
SF:src/app/aether/molecules/grid/grid.component.ts
FN:117,(anonymous_0)
FN:173,(anonymous_1)
FN:213,(anonymous_2)
FN:237,(anonymous_3)
FN:244,(anonymous_4)
FN:246,(anonymous_5)
FN:274,(anonymous_6)
FN:282,(anonymous_7)
FN:284,(anonymous_8)
FN:406,(anonymous_9)
FN:413,(anonymous_10)
FN:425,(anonymous_11)
FN:432,(anonymous_12)
FN:445,(anonymous_13)
FN:491,(anonymous_14)
FN:511,(anonymous_15)
FN:518,(anonymous_16)
FN:525,(anonymous_17)
FN:526,(anonymous_18)
FN:600,(anonymous_19)
FN:607,(anonymous_20)
FN:835,(anonymous_21)
FN:874,(anonymous_22)
FN:898,(anonymous_23)
FN:180,(anonymous_24)
FN:185,(anonymous_25)
FN:258,(anonymous_26)
FN:266,(anonymous_27)
FN:324,(anonymous_28)
FN:325,(anonymous_29)
FN:327,(anonymous_30)
FN:343,(anonymous_31)
FN:374,(anonymous_32)
FN:389,(anonymous_33)
FN:395,(anonymous_34)
FN:549,(anonymous_35)
FN:560,(anonymous_36)
FN:564,(anonymous_37)
FN:568,(anonymous_38)
FN:571,(anonymous_39)
FN:574,(anonymous_40)
FN:579,(anonymous_41)
FN:581,(anonymous_42)
FN:615,(anonymous_43)
FN:641,(anonymous_44)
FN:647,(anonymous_45)
FN:652,(anonymous_46)
FN:664,(anonymous_47)
FN:688,(anonymous_48)
FN:710,(anonymous_49)
FN:723,(anonymous_50)
FN:733,(anonymous_51)
FN:781,(anonymous_52)
FN:786,(anonymous_53)
FN:794,(anonymous_54)
FN:799,(anonymous_55)
FN:799,(anonymous_56)
FN:804,(anonymous_57)
FN:843,(anonymous_58)
FN:868,(anonymous_59)
FN:891,(anonymous_60)
FN:905,(anonymous_61)
FN:918,(anonymous_62)
FN:927,(anonymous_63)
FN:935,(anonymous_64)
FN:944,(anonymous_65)
FN:948,(anonymous_66)
FN:954,(anonymous_67)
FN:962,(anonymous_68)
FN:973,(anonymous_69)
FN:987,(anonymous_70)
FN:994,(anonymous_71)
FN:1001,(anonymous_72)
FN:1009,(anonymous_73)
FN:1027,(anonymous_74)
FN:1041,(anonymous_75)
FN:1048,(anonymous_76)
FN:1055,(anonymous_77)
FN:1062,(anonymous_78)
FN:1070,(anonymous_79)
FN:1081,(anonymous_80)
FN:1088,(anonymous_81)
FN:1095,(anonymous_82)
FN:1102,(anonymous_83)
FN:1111,(anonymous_84)
FN:1117,(anonymous_85)
FN:1121,(anonymous_86)
FNF:87
FNH:0
FNDA:0,(anonymous_0)
FNDA:0,(anonymous_1)
FNDA:0,(anonymous_2)
FNDA:0,(anonymous_3)
FNDA:0,(anonymous_4)
FNDA:0,(anonymous_5)
FNDA:0,(anonymous_6)
FNDA:0,(anonymous_7)
FNDA:0,(anonymous_8)
FNDA:0,(anonymous_9)
FNDA:0,(anonymous_10)
FNDA:0,(anonymous_11)
FNDA:0,(anonymous_12)
FNDA:0,(anonymous_13)
FNDA:0,(anonymous_14)
FNDA:0,(anonymous_15)
FNDA:0,(anonymous_16)
FNDA:0,(anonymous_17)
FNDA:0,(anonymous_18)
FNDA:0,(anonymous_19)
FNDA:0,(anonymous_20)
FNDA:0,(anonymous_21)
FNDA:0,(anonymous_22)
FNDA:0,(anonymous_23)
FNDA:0,(anonymous_24)
FNDA:0,(anonymous_25)
FNDA:0,(anonymous_26)
FNDA:0,(anonymous_27)
FNDA:0,(anonymous_28)
FNDA:0,(anonymous_29)
FNDA:0,(anonymous_30)
FNDA:0,(anonymous_31)
FNDA:0,(anonymous_32)
FNDA:0,(anonymous_33)
FNDA:0,(anonymous_34)
FNDA:0,(anonymous_35)
FNDA:0,(anonymous_36)
FNDA:0,(anonymous_37)
FNDA:0,(anonymous_38)
FNDA:0,(anonymous_39)
FNDA:0,(anonymous_40)
FNDA:0,(anonymous_41)
FNDA:0,(anonymous_42)
FNDA:0,(anonymous_43)
FNDA:0,(anonymous_44)
FNDA:0,(anonymous_45)
FNDA:0,(anonymous_46)
FNDA:0,(anonymous_47)
FNDA:0,(anonymous_48)
FNDA:0,(anonymous_49)
FNDA:0,(anonymous_50)
FNDA:0,(anonymous_51)
FNDA:0,(anonymous_52)
FNDA:0,(anonymous_53)
FNDA:0,(anonymous_54)
FNDA:0,(anonymous_55)
FNDA:0,(anonymous_56)
FNDA:0,(anonymous_57)
FNDA:0,(anonymous_58)
FNDA:0,(anonymous_59)
FNDA:0,(anonymous_60)
FNDA:0,(anonymous_61)
FNDA:0,(anonymous_62)
FNDA:0,(anonymous_63)
FNDA:0,(anonymous_64)
FNDA:0,(anonymous_65)
FNDA:0,(anonymous_66)
FNDA:0,(anonymous_67)
FNDA:0,(anonymous_68)
FNDA:0,(anonymous_69)
FNDA:0,(anonymous_70)
FNDA:0,(anonymous_71)
FNDA:0,(anonymous_72)
FNDA:0,(anonymous_73)
FNDA:0,(anonymous_74)
FNDA:0,(anonymous_75)
FNDA:0,(anonymous_76)
FNDA:0,(anonymous_77)
FNDA:0,(anonymous_78)
FNDA:0,(anonymous_79)
FNDA:0,(anonymous_80)
FNDA:0,(anonymous_81)
FNDA:0,(anonymous_82)
FNDA:0,(anonymous_83)
FNDA:0,(anonymous_84)
FNDA:0,(anonymous_85)
FNDA:0,(anonymous_86)
DA:86,1
DA:88,1
DA:110,1
DA:111,0
DA:112,0
DA:118,0
DA:120,0
DA:137,0
DA:143,0
DA:149,0
DA:157,0
DA:158,0
DA:159,0
DA:160,0
DA:165,0
DA:170,0
DA:174,0
DA:180,0
DA:185,0
DA:190,0
DA:192,0
DA:197,0
DA:202,0
DA:207,0
DA:214,0
DA:215,0
DA:222,0
DA:227,0
DA:232,0
DA:238,0
DA:245,0
DA:246,0
DA:253,0
DA:258,0
DA:259,0
DA:260,0
DA:266,0
DA:267,0
DA:268,0
DA:275,0
DA:283,0
DA:284,0
DA:291,0
DA:296,0
DA:302,0
DA:308,0
DA:314,0
DA:316,0
DA:322,0
DA:324,0
DA:325,0
DA:326,0
DA:327,0
DA:328,0
DA:331,0
DA:333,0
DA:335,0
DA:343,0
DA:345,0
DA:346,0
DA:348,0
DA:349,0
DA:352,0
DA:353,0
DA:354,0
DA:355,0
DA:358,0
DA:359,0
DA:360,0
DA:362,0
DA:363,0
DA:365,0
DA:366,0
DA:368,0
DA:369,0
DA:370,0
DA:374,0
DA:375,0
DA:381,0
DA:386,0
DA:387,0
DA:390,0
DA:391,0
DA:393,0
DA:395,0
DA:407,0
DA:414,0
DA:420,0
DA:426,0
DA:433,0
DA:439,0
DA:446,0
DA:447,0
DA:448,0
DA:450,0
DA:458,0
DA:463,0
DA:468,0
DA:473,0
DA:478,0
DA:483,0
DA:488,0
DA:492,0
DA:498,0
DA:503,0
DA:508,0
DA:512,0
DA:519,0
DA:526,0
DA:527,0
DA:528,0
DA:530,0
DA:537,0
DA:542,0
DA:547,0
DA:549,0
DA:550,0
DA:551,0
DA:554,0
DA:557,0
DA:558,0
DA:560,0
DA:563,0
DA:564,0
DA:566,0
DA:568,0
DA:569,0
DA:571,0
DA:572,0
DA:574,0
DA:575,0
DA:578,0
DA:579,0
DA:581,0
DA:585,0
DA:588,0
DA:591,0
DA:597,0
DA:601,0
DA:603,0
DA:606,0
DA:607,0
DA:608,0
DA:612,0
DA:615,0
DA:616,0
DA:617,0
DA:618,0
DA:621,0
DA:631,0
DA:633,0
DA:635,0
DA:639,0
DA:642,0
DA:647,0
DA:650,0
DA:652,0
DA:661,0
DA:662,0
DA:664,0
DA:672,0
DA:673,0
DA:679,0
DA:685,0
DA:688,0
DA:689,0
DA:690,0
DA:691,0
DA:693,0
DA:697,0
DA:698,0
DA:699,0
DA:701,0
DA:705,0
DA:707,0
DA:710,0
DA:713,0
DA:714,0
DA:716,0
DA:723,0
DA:725,0
DA:733,0
DA:734,0
DA:736,0
DA:737,0
DA:738,0
DA:739,0
DA:743,0
DA:744,0
DA:745,0
DA:746,0
DA:747,0
DA:751,0
DA:752,0
DA:753,0
DA:755,0
DA:759,0
DA:761,0
DA:762,0
DA:766,0
DA:772,0
DA:781,0
DA:786,0
DA:794,0
DA:799,0
DA:804,0
DA:805,0
DA:806,0
DA:807,0
DA:808,0
DA:809,0
DA:811,0
DA:818,0
DA:824,0
DA:829,0
DA:836,0
DA:843,0
DA:844,0
DA:845,0
DA:848,0
DA:849,0
DA:856,0
DA:862,0
DA:868,0
DA:875,0
DA:881,0
DA:886,0
DA:891,0
DA:893,0
DA:899,0
DA:900,0
DA:902,0
DA:908,0
DA:915,0
DA:918,0
DA:924,0
DA:927,0
DA:932,0
DA:935,0
DA:945,0
DA:949,0
DA:954,0
DA:959,0
DA:963,0
DA:974,0
DA:975,0
DA:976,0
DA:981,0
DA:988,0
DA:995,0
DA:1002,0
DA:1003,0
DA:1010,0
DA:1013,0
DA:1014,0
DA:1015,0
DA:1017,0
DA:1018,0
DA:1019,0
DA:1021,0
DA:1022,0
DA:1023,0
DA:1027,0
DA:1028,0
DA:1032,0
DA:1035,0
DA:1042,0
DA:1049,0
DA:1056,0
DA:1063,0
DA:1064,0
DA:1071,0
DA:1072,0
DA:1074,0
DA:1082,0
DA:1089,0
DA:1096,0
DA:1103,0
DA:1104,0
DA:1112,0
DA:1113,0
DA:1118,0
DA:1122,0
LF:283
LH:3
BRDA:214,0,0,0
BRDA:245,1,0,0
BRDA:283,2,0,0
BRDA:446,3,0,0
BRDA:447,4,0,0
BRDA:447,4,1,0
BRDA:519,5,0,0
BRDA:519,5,1,0
BRDA:527,6,0,0
BRDA:606,7,0,0
BRDA:606,8,0,0
BRDA:606,8,1,0
BRDA:606,8,2,0
BRDA:606,8,3,0
BRDA:607,9,0,0
BRDA:260,10,0,0
BRDA:260,10,1,0
BRDA:268,11,0,0
BRDA:268,11,1,0
BRDA:345,12,0,0
BRDA:348,13,0,0
BRDA:354,14,0,0
BRDA:354,14,1,0
BRDA:359,15,0,0
BRDA:362,16,0,0
BRDA:365,17,0,0
BRDA:369,18,0,0
BRDA:390,19,0,0
BRDA:390,20,0,0
BRDA:390,20,1,0
BRDA:395,21,0,0
BRDA:395,21,1,0
BRDA:395,22,0,0
BRDA:395,22,1,0
BRDA:554,23,0,0
BRDA:557,24,0,0
BRDA:560,25,0,0
BRDA:560,25,1,0
BRDA:563,26,0,0
BRDA:567,27,0,0
BRDA:567,27,1,0
BRDA:567,27,2,0
BRDA:568,28,0,0
BRDA:568,28,1,0
BRDA:568,29,0,0
BRDA:568,29,1,0
BRDA:571,30,0,0
BRDA:571,30,1,0
BRDA:571,31,0,0
BRDA:571,31,1,0
BRDA:571,32,0,0
BRDA:571,32,1,0
BRDA:571,33,0,0
BRDA:571,33,1,0
BRDA:574,34,0,0
BRDA:574,34,1,0
BRDA:574,35,0,0
BRDA:574,35,1,0
BRDA:579,36,0,0
BRDA:579,36,1,0
BRDA:579,36,2,0
BRDA:617,37,0,0
BRDA:617,37,1,0
BRDA:617,38,0,0
BRDA:617,38,1,0
BRDA:617,39,0,0
BRDA:617,39,1,0
BRDA:622,40,0,0
BRDA:622,40,1,0
BRDA:621,41,0,0
BRDA:621,41,1,0
BRDA:621,41,2,0
BRDA:625,42,0,0
BRDA:625,42,1,0
BRDA:631,43,0,0
BRDA:631,44,0,0
BRDA:631,44,1,0
BRDA:631,44,2,0
BRDA:635,45,0,0
BRDA:639,46,0,0
BRDA:639,46,1,0
BRDA:642,47,0,0
BRDA:642,47,1,0
BRDA:642,47,2,0
BRDA:642,47,3,0
BRDA:642,47,4,0
BRDA:645,48,0,0
BRDA:645,48,1,0
BRDA:645,49,0,0
BRDA:645,49,1,0
BRDA:661,50,0,0
BRDA:672,51,0,0
BRDA:697,52,0,0
BRDA:698,53,0,0
BRDA:698,53,1,0
BRDA:736,54,0,0
BRDA:751,55,0,0
BRDA:752,56,0,0
BRDA:752,56,1,0
BRDA:761,57,0,0
BRDA:799,58,0,0
BRDA:799,58,1,0
BRDA:799,59,0,0
BRDA:799,59,1,0
BRDA:806,60,0,0
BRDA:806,60,1,0
BRDA:807,61,0,0
BRDA:807,61,1,0
BRDA:808,62,0,0
BRDA:808,62,1,0
BRDA:808,62,2,0
BRDA:809,63,0,0
BRDA:809,63,1,0
BRDA:811,64,0,0
BRDA:811,64,1,0
BRDA:811,64,2,0
BRDA:811,64,3,0
BRDA:848,65,0,0
BRDA:848,66,0,0
BRDA:848,66,1,0
BRDA:856,67,0,0
BRDA:856,67,1,0
BRDA:868,68,0,0
BRDA:868,68,1,0
BRDA:868,69,0,0
BRDA:868,69,1,0
BRDA:891,70,0,0
BRDA:891,70,1,0
BRDA:891,71,0,0
BRDA:891,71,1,0
BRDA:891,71,2,0
BRDA:908,72,0,0
BRDA:908,72,1,0
BRDA:963,73,0,0
BRDA:963,73,1,0
BRDA:975,74,0,0
BRDA:975,75,0,0
BRDA:975,75,1,0
BRDA:1013,76,0,0
BRDA:1017,77,0,0
BRDA:1021,78,0,0
BRDA:1027,79,0,0
BRDA:1027,80,0,0
BRDA:1027,80,1,0
BRDA:1035,81,0,0
BRDA:1035,81,1,0
BRDA:1071,82,0,0
BRDA:1071,82,1,0
BRDA:1103,83,0,0
BRDA:1112,84,0,0
BRF:150
BRH:0
end_of_record
TN:
SF:src/app/aether/molecules/grid/grid-card-view/grid-card-view.component.ts
FN:47,(anonymous_0)
FN:55,(anonymous_1)
FN:63,(anonymous_2)
FN:102,(anonymous_3)
FN:146,(anonymous_4)
FN:86,(anonymous_5)
FN:93,(anonymous_6)
FN:94,(anonymous_7)
FN:97,(anonymous_8)
FN:99,(anonymous_9)
FN:116,(anonymous_10)
FN:124,(anonymous_11)
FN:133,(anonymous_12)
FN:148,(anonymous_13)
FN:150,(anonymous_14)
FN:170,(anonymous_15)
FN:174,(anonymous_16)
FN:178,(anonymous_17)
FN:182,(anonymous_18)
FN:183,(anonymous_19)
FN:186,(anonymous_20)
FN:189,(anonymous_21)
FN:195,(anonymous_22)
FN:197,(anonymous_23)
FN:208,(anonymous_24)
FNF:25
FNH:3
FNDA:3,(anonymous_0)
FNDA:3,(anonymous_1)
FNDA:3,(anonymous_2)
FNDA:0,(anonymous_3)
FNDA:0,(anonymous_4)
FNDA:0,(anonymous_5)
FNDA:0,(anonymous_6)
FNDA:0,(anonymous_7)
FNDA:0,(anonymous_8)
FNDA:0,(anonymous_9)
FNDA:0,(anonymous_10)
FNDA:0,(anonymous_11)
FNDA:0,(anonymous_12)
FNDA:0,(anonymous_13)
FNDA:0,(anonymous_14)
FNDA:0,(anonymous_15)
FNDA:0,(anonymous_16)
FNDA:0,(anonymous_17)
FNDA:0,(anonymous_18)
FNDA:0,(anonymous_19)
FNDA:0,(anonymous_20)
FNDA:0,(anonymous_21)
FNDA:0,(anonymous_22)
FNDA:0,(anonymous_23)
FNDA:0,(anonymous_24)
DA:42,1
DA:47,3
DA:50,1
DA:55,3
DA:58,1
DA:63,3
DA:66,1
DA:75,1
DA:76,0
DA:83,0
DA:84,0
DA:85,0
DA:86,0
DA:88,0
DA:89,0
DA:90,0
DA:91,0
DA:92,0
DA:93,0
DA:94,0
DA:96,0
DA:97,0
DA:98,0
DA:99,0
DA:103,0
DA:107,0
DA:110,0
DA:113,0
DA:116,0
DA:124,0
DA:131,0
DA:133,0
DA:134,0
DA:135,0
DA:137,0
DA:140,0
DA:143,0
DA:149,0
DA:150,0
DA:151,0
DA:152,0
DA:153,0
DA:164,0
DA:167,0
DA:171,0
DA:175,0
DA:179,0
DA:183,0
DA:184,0
DA:186,0
DA:187,0
DA:189,0
DA:192,0
DA:196,0
DA:197,0
DA:198,0
DA:199,0
DA:200,0
DA:201,0
DA:202,0
LF:60
LH:8
BRDA:86,0,0,0
BRDA:86,0,1,0
BRDA:137,1,0,0
BRDA:149,2,0,0
BRDA:149,3,0,0
BRDA:149,3,1,0
BRDA:184,4,0,0
BRDA:184,4,1,0
BRDA:184,5,0,0
BRDA:184,5,1,0
BRDA:187,6,0,0
BRDA:187,7,0,0
BRDA:187,7,1,0
BRDA:196,8,0,0
BRDA:198,9,0,0
BRDA:198,9,1,0
BRDA:201,10,0,0
BRF:17
BRH:0
end_of_record
TN:
SF:src/app/aether/molecules/grid/grid-column-footer/grid-column-footer.component.ts
FN:67,(anonymous_0)
FN:45,(anonymous_1)
FN:49,(anonymous_2)
FN:61,(anonymous_3)
FN:63,(anonymous_4)
FNF:5
FNH:0
FNDA:0,(anonymous_0)
FNDA:0,(anonymous_1)
FNDA:0,(anonymous_2)
FNDA:0,(anonymous_3)
FNDA:0,(anonymous_4)
DA:22,1
DA:32,1
DA:40,0
DA:41,0
DA:42,0
DA:43,0
DA:45,0
DA:46,0
DA:47,0
DA:49,0
DA:50,0
DA:59,0
DA:61,0
DA:62,0
DA:63,0
LF:15
LH:2
BRF:0
BRH:0
end_of_record
TN:
SF:src/app/aether/molecules/grid/grid-column-header/grid-column-header.component.ts
FN:88,(anonymous_0)
FN:35,(anonymous_1)
FN:49,(anonymous_2)
FN:59,(anonymous_3)
FN:64,(anonymous_4)
FN:76,(anonymous_5)
FN:84,(anonymous_6)
FN:92,(anonymous_7)
FN:98,(anonymous_8)
FN:100,(anonymous_9)
FN:101,(anonymous_10)
FN:112,(anonymous_11)
FNF:12
FNH:0
FNDA:0,(anonymous_0)
FNDA:0,(anonymous_1)
FNDA:0,(anonymous_2)
FNDA:0,(anonymous_3)
FNDA:0,(anonymous_4)
FNDA:0,(anonymous_5)
FNDA:0,(anonymous_6)
FNDA:0,(anonymous_7)
FNDA:0,(anonymous_8)
FNDA:0,(anonymous_9)
FNDA:0,(anonymous_10)
FNDA:0,(anonymous_11)
DA:24,1
DA:25,0
DA:39,0
DA:47,0
DA:49,0
DA:50,0
DA:51,0
DA:53,0
DA:56,0
DA:57,0
DA:59,0
DA:60,0
DA:63,0
DA:64,0
DA:65,0
DA:67,0
DA:68,0
DA:71,0
DA:74,0
DA:76,0
DA:77,0
DA:84,0
DA:90,0
DA:93,0
DA:95,0
DA:97,0
DA:98,0
DA:101,0
DA:102,0
DA:105,0
DA:110,0
DA:113,0
DA:114,0
LF:33
LH:1
BRDA:40,0,0,0
BRDA:40,0,1,0
BRDA:50,1,0,0
BRDA:50,1,1,0
BRDA:51,2,0,0
BRDA:51,2,1,0
BRDA:53,3,0,0
BRDA:53,3,1,0
BRDA:60,4,0,0
BRDA:60,4,1,0
BRDA:67,5,0,0
BRDA:78,6,0,0
BRDA:78,6,1,0
BRDA:79,7,0,0
BRDA:79,7,1,0
BRDA:95,8,0,0
BRDA:95,9,0,0
BRDA:95,9,1,0
BRDA:101,10,0,0
BRDA:101,10,1,0
BRDA:102,11,0,0
BRDA:102,11,1,0
BRDA:105,12,0,0
BRDA:105,12,1,0
BRDA:105,13,0,0
BRDA:105,13,1,0
BRDA:105,14,0,0
BRDA:105,14,1,0
BRDA:105,15,0,0
BRDA:105,15,1,0
BRF:30
BRH:0
end_of_record
TN:
SF:src/app/aether/molecules/grid/grid-group-row/grid-group-row.component.ts
FN:22,(anonymous_0)
FN:18,(anonymous_1)
FN:24,(anonymous_2)
FNF:3
FNH:0
FNDA:0,(anonymous_0)
FNDA:0,(anonymous_1)
FNDA:0,(anonymous_2)
DA:13,1
DA:15,0
DA:17,0
DA:18,0
DA:19,0
DA:20,0
DA:25,0
LF:7
LH:1
BRF:0
BRH:0
end_of_record
TN:
SF:src/app/aether/molecules/grid/grid-view/grid-view.component.ts
FN:62,(anonymous_0)
FN:70,(anonymous_1)
FN:78,(anonymous_2)
FN:86,(anonymous_3)
FN:94,(anonymous_4)
FN:102,(anonymous_5)
FN:117,(anonymous_6)
FN:112,(anonymous_7)
FN:113,(anonymous_8)
FN:131,(anonymous_9)
FN:126,(anonymous_10)
FN:127,(anonymous_11)
FN:208,(anonymous_12)
FN:213,(anonymous_13)
FN:244,(anonymous_14)
FN:177,(anonymous_15)
FN:177,(anonymous_16)
FN:178,(anonymous_17)
FN:181,(anonymous_18)
FN:183,(anonymous_19)
FN:186,(anonymous_20)
FN:188,(anonymous_21)
FN:191,(anonymous_22)
FN:197,(anonymous_23)
FN:205,(anonymous_24)
FN:249,(anonymous_25)
FN:257,(anonymous_26)
FN:262,(anonymous_27)
FN:273,(anonymous_28)
FN:281,(anonymous_29)
FN:289,(anonymous_30)
FN:293,(anonymous_31)
FN:294,(anonymous_32)
FN:294,(anonymous_33)
FN:302,(anonymous_34)
FN:308,(anonymous_35)
FN:312,(anonymous_36)
FN:313,(anonymous_37)
FN:319,(anonymous_38)
FN:330,(anonymous_39)
FN:337,(anonymous_40)
FN:344,(anonymous_41)
FN:358,(anonymous_42)
FN:374,(anonymous_43)
FN:377,(anonymous_44)
FN:385,(anonymous_45)
FNF:46
FNH:9
FNDA:6,(anonymous_0)
FNDA:4,(anonymous_1)
FNDA:0,(anonymous_2)
FNDA:6,(anonymous_3)
FNDA:3,(anonymous_4)
FNDA:3,(anonymous_5)
FNDA:0,(anonymous_6)
FNDA:6,(anonymous_7)
FNDA:6,(anonymous_8)
FNDA:0,(anonymous_9)
FNDA:3,(anonymous_10)
FNDA:3,(anonymous_11)
FNDA:0,(anonymous_12)
FNDA:0,(anonymous_13)
FNDA:0,(anonymous_14)
FNDA:0,(anonymous_15)
FNDA:0,(anonymous_16)
FNDA:0,(anonymous_17)
FNDA:0,(anonymous_18)
FNDA:0,(anonymous_19)
FNDA:0,(anonymous_20)
FNDA:0,(anonymous_21)
FNDA:0,(anonymous_22)
FNDA:0,(anonymous_23)
FNDA:0,(anonymous_24)
FNDA:0,(anonymous_25)
FNDA:0,(anonymous_26)
FNDA:0,(anonymous_27)
FNDA:0,(anonymous_28)
FNDA:0,(anonymous_29)
FNDA:0,(anonymous_30)
FNDA:0,(anonymous_31)
FNDA:0,(anonymous_32)
FNDA:0,(anonymous_33)
FNDA:0,(anonymous_34)
FNDA:0,(anonymous_35)
FNDA:0,(anonymous_36)
FNDA:0,(anonymous_37)
FNDA:0,(anonymous_38)
FNDA:0,(anonymous_39)
FNDA:0,(anonymous_40)
FNDA:0,(anonymous_41)
FNDA:0,(anonymous_42)
FNDA:0,(anonymous_43)
FNDA:0,(anonymous_44)
FNDA:0,(anonymous_45)
DA:62,6
DA:65,1
DA:70,4
DA:73,1
DA:78,0
DA:81,1
DA:86,6
DA:89,1
DA:94,3
DA:97,1
DA:102,3
DA:105,1
DA:112,6
DA:113,6
DA:117,1
DA:118,0
DA:126,3
DA:127,3
DA:131,1
DA:132,0
DA:161,1
DA:162,0
DA:167,0
DA:168,0
DA:169,0
DA:170,0
DA:171,0
DA:172,0
DA:173,0
DA:174,0
DA:175,0
DA:177,0
DA:178,0
DA:179,0
DA:180,0
DA:181,0
DA:183,0
DA:184,0
DA:185,0
DA:186,0
DA:187,0
DA:188,0
DA:190,0
DA:191,0
DA:194,0
DA:197,0
DA:205,0
DA:209,0
DA:214,0
DA:218,0
DA:221,0
DA:224,0
DA:227,0
DA:230,0
DA:233,0
DA:236,0
DA:239,0
DA:244,0
DA:246,0
DA:249,0
DA:254,0
DA:257,0
DA:262,0
DA:264,0
DA:268,0
DA:269,0
DA:270,0
DA:275,0
DA:281,0
DA:282,0
DA:290,0
DA:293,0
DA:294,0
DA:299,0
DA:302,0
DA:309,0
DA:313,0
DA:320,0
DA:321,0
DA:323,0
DA:331,0
DA:338,0
DA:346,0
DA:348,0
DA:349,0
DA:352,0
DA:359,0
DA:361,0
DA:364,0
DA:366,0
DA:367,0
DA:377,0
DA:378,0
DA:386,0
DA:387,0
LF:95
LH:18
BRDA:177,0,0,0
BRDA:177,0,1,0
BRDA:181,1,0,0
BRDA:181,1,1,0
BRDA:191,2,0,0
BRDA:191,2,1,0
BRDA:264,3,0,0
BRDA:264,4,0,0
BRDA:264,4,1,0
BRDA:293,5,0,0
BRDA:293,5,1,0
BRDA:320,6,0,0
BRDA:320,6,1,0
BRDA:348,7,0,0
BRDA:364,8,0,0
BRDA:364,8,1,0
BRDA:366,9,0,0
BRDA:366,10,0,0
BRDA:366,10,1,0
BRDA:366,10,2,0
BRDA:377,11,0,0
BRDA:386,12,0,0
BRF:22
BRH:0
end_of_record
TN:
SF:src/app/aether/molecules/grid/models/grid-models.ts
FN:21,DefaultGridEmptyState
FN:30,GridEmptyStateDefault
FN:95,gridViewTrackByDefault
FN:111,GridFilterPresetsDefault
FN:120,flattenGridData
FN:124,(anonymous_5)
FN:138,isGridDataGroup
FN:148,isGridDataGroupRow
FNF:8
FNH:0
FNDA:0,DefaultGridEmptyState
FNDA:0,GridEmptyStateDefault
FNDA:0,gridViewTrackByDefault
FNDA:0,GridFilterPresetsDefault
FNDA:0,flattenGridData
FNDA:0,(anonymous_5)
FNDA:0,isGridDataGroup
FNDA:0,isGridDataGroupRow
DA:22,0
DA:31,0
DA:51,1
DA:97,0
DA:98,0
DA:100,0
DA:112,0
DA:121,0
DA:123,0
DA:124,0
DA:125,0
DA:126,0
DA:128,0
DA:132,0
DA:135,0
DA:141,0
DA:142,0
DA:145,0
DA:151,0
LF:19
LH:1
BRDA:97,0,0,0
BRDA:97,1,0,0
BRDA:97,1,1,0
BRDA:123,2,0,0
BRDA:123,2,1,0
BRDA:125,3,0,0
BRDA:125,3,1,0
BRDA:141,4,0,0
BRDA:141,5,0,0
BRDA:141,5,1,0
BRDA:151,6,0,0
BRDA:151,6,1,0
BRDA:151,6,2,0
BRF:13
BRH:0
end_of_record
TN:
SF:src/app/aether/molecules/mega-menu/mega-menu.component.ts
FN:87,(anonymous_0)
FN:96,(anonymous_1)
FN:112,(anonymous_2)
FN:114,(anonymous_3)
FN:115,(anonymous_4)
FN:128,(anonymous_5)
FN:179,(anonymous_6)
FN:188,(anonymous_7)
FN:249,(anonymous_8)
FN:258,(anonymous_9)
FN:318,(anonymous_10)
FN:104,(anonymous_11)
FN:136,(anonymous_12)
FN:152,(anonymous_13)
FN:152,(anonymous_14)
FN:158,(anonymous_15)
FN:163,(anonymous_16)
FN:168,(anonymous_17)
FN:173,(anonymous_18)
FN:173,(anonymous_19)
FN:196,(anonymous_20)
FN:198,(anonymous_21)
FN:214,(anonymous_22)
FN:214,(anonymous_23)
FN:220,(anonymous_24)
FN:222,(anonymous_25)
FN:272,(anonymous_26)
FN:273,(anonymous_27)
FN:277,(anonymous_28)
FN:280,(anonymous_29)
FN:284,(anonymous_30)
FN:285,(anonymous_31)
FN:289,(anonymous_32)
FN:292,(anonymous_33)
FN:296,(anonymous_34)
FN:297,(anonymous_35)
FN:301,(anonymous_36)
FN:304,(anonymous_37)
FN:312,(anonymous_38)
FN:323,(anonymous_39)
FN:327,(anonymous_40)
FN:338,(anonymous_41)
FN:339,(anonymous_42)
FN:351,(anonymous_43)
FN:369,(anonymous_44)
FN:376,(anonymous_45)
FN:383,(anonymous_46)
FNF:47
FNH:0
FNDA:0,(anonymous_0)
FNDA:0,(anonymous_1)
FNDA:0,(anonymous_2)
FNDA:0,(anonymous_3)
FNDA:0,(anonymous_4)
FNDA:0,(anonymous_5)
FNDA:0,(anonymous_6)
FNDA:0,(anonymous_7)
FNDA:0,(anonymous_8)
FNDA:0,(anonymous_9)
FNDA:0,(anonymous_10)
FNDA:0,(anonymous_11)
FNDA:0,(anonymous_12)
FNDA:0,(anonymous_13)
FNDA:0,(anonymous_14)
FNDA:0,(anonymous_15)
FNDA:0,(anonymous_16)
FNDA:0,(anonymous_17)
FNDA:0,(anonymous_18)
FNDA:0,(anonymous_19)
FNDA:0,(anonymous_20)
FNDA:0,(anonymous_21)
FNDA:0,(anonymous_22)
FNDA:0,(anonymous_23)
FNDA:0,(anonymous_24)
FNDA:0,(anonymous_25)
FNDA:0,(anonymous_26)
FNDA:0,(anonymous_27)
FNDA:0,(anonymous_28)
FNDA:0,(anonymous_29)
FNDA:0,(anonymous_30)
FNDA:0,(anonymous_31)
FNDA:0,(anonymous_32)
FNDA:0,(anonymous_33)
FNDA:0,(anonymous_34)
FNDA:0,(anonymous_35)
FNDA:0,(anonymous_36)
FNDA:0,(anonymous_37)
FNDA:0,(anonymous_38)
FNDA:0,(anonymous_39)
FNDA:0,(anonymous_40)
FNDA:0,(anonymous_41)
FNDA:0,(anonymous_42)
FNDA:0,(anonymous_43)
FNDA:0,(anonymous_44)
FNDA:0,(anonymous_45)
FNDA:0,(anonymous_46)
DA:62,1
DA:66,0
DA:77,0
DA:82,0
DA:88,0
DA:89,0
DA:97,0
DA:103,0
DA:104,0
DA:114,0
DA:115,0
DA:118,0
DA:119,0
DA:122,0
DA:129,0
DA:135,0
DA:136,0
DA:144,0
DA:149,0
DA:151,0
DA:152,0
DA:158,0
DA:163,0
DA:168,0
DA:173,0
DA:180,0
DA:181,0
DA:189,0
DA:195,0
DA:197,0
DA:198,0
DA:207,0
DA:214,0
DA:219,0
DA:221,0
DA:222,0
DA:225,0
DA:233,0
DA:238,0
DA:243,0
DA:250,0
DA:251,0
DA:259,0
DA:265,0
DA:272,0
DA:274,0
DA:275,0
DA:277,0
DA:281,0
DA:284,0
DA:286,0
DA:287,0
DA:289,0
DA:293,0
DA:296,0
DA:298,0
DA:299,0
DA:301,0
DA:304,0
DA:312,0
DA:325,0
DA:328,0
DA:339,0
DA:340,0
DA:342,0
DA:343,0
DA:352,0
DA:353,0
DA:355,0
DA:356,0
DA:358,0
DA:359,0
DA:361,0
DA:362,0
DA:363,0
DA:370,0
DA:377,0
DA:384,0
LF:78
LH:1
BRDA:88,0,0,0
BRDA:114,1,0,0
BRDA:114,1,1,0
BRDA:115,2,0,0
BRDA:115,2,1,0
BRDA:118,3,0,0
BRDA:118,4,0,0
BRDA:118,4,1,0
BRDA:180,5,0,0
BRDA:250,6,0,0
BRDA:104,7,0,0
BRDA:104,7,1,0
BRDA:136,8,0,0
BRDA:136,8,1,0
BRDA:168,9,0,0
BRDA:168,9,1,0
BRDA:197,10,0,0
BRDA:221,11,0,0
BRDA:277,12,0,0
BRDA:277,12,1,0
BRDA:282,13,0,0
BRDA:282,13,1,0
BRDA:289,14,0,0
BRDA:289,14,1,0
BRDA:294,15,0,0
BRDA:294,15,1,0
BRDA:301,16,0,0
BRDA:301,16,1,0
BRDA:304,17,0,0
BRDA:304,17,1,0
BRDA:312,18,0,0
BRDA:312,18,1,0
BRDA:328,19,0,0
BRDA:328,19,1,0
BRDA:328,20,0,0
BRDA:328,20,1,0
BRDA:340,21,0,0
BRF:37
BRH:0
end_of_record
TN:
SF:src/app/aether/molecules/tile-card/tile-card.component.ts
FN:82,(anonymous_0)
FN:102,(anonymous_1)
FN:132,(anonymous_2)
FN:203,(anonymous_3)
FN:222,(anonymous_4)
FN:247,(anonymous_5)
FN:266,(anonymous_6)
FN:319,(anonymous_7)
FN:111,(anonymous_8)
FN:116,(anonymous_9)
FN:144,(anonymous_10)
FN:144,(anonymous_11)
FN:156,(anonymous_12)
FN:190,(anonymous_13)
FN:196,(anonymous_14)
FN:196,(anonymous_15)
FN:275,(anonymous_16)
FN:275,(anonymous_17)
FN:276,(anonymous_18)
FN:287,(anonymous_19)
FN:289,(anonymous_20)
FN:300,(anonymous_21)
FN:312,(anonymous_22)
FN:312,(anonymous_23)
FN:313,(anonymous_24)
FN:331,(anonymous_25)
FN:338,(anonymous_26)
FN:338,(anonymous_27)
FN:339,(anonymous_28)
FN:348,(anonymous_29)
FN:355,(anonymous_30)
FN:366,(anonymous_31)
FN:393,(anonymous_32)
FN:394,(anonymous_33)
FN:399,(anonymous_34)
FN:402,(anonymous_35)
FN:406,(anonymous_36)
FN:418,(anonymous_37)
FNF:38
FNH:0
FNDA:0,(anonymous_0)
FNDA:0,(anonymous_1)
FNDA:0,(anonymous_2)
FNDA:0,(anonymous_3)
FNDA:0,(anonymous_4)
FNDA:0,(anonymous_5)
FNDA:0,(anonymous_6)
FNDA:0,(anonymous_7)
FNDA:0,(anonymous_8)
FNDA:0,(anonymous_9)
FNDA:0,(anonymous_10)
FNDA:0,(anonymous_11)
FNDA:0,(anonymous_12)
FNDA:0,(anonymous_13)
FNDA:0,(anonymous_14)
FNDA:0,(anonymous_15)
FNDA:0,(anonymous_16)
FNDA:0,(anonymous_17)
FNDA:0,(anonymous_18)
FNDA:0,(anonymous_19)
FNDA:0,(anonymous_20)
FNDA:0,(anonymous_21)
FNDA:0,(anonymous_22)
FNDA:0,(anonymous_23)
FNDA:0,(anonymous_24)
FNDA:0,(anonymous_25)
FNDA:0,(anonymous_26)
FNDA:0,(anonymous_27)
FNDA:0,(anonymous_28)
FNDA:0,(anonymous_29)
FNDA:0,(anonymous_30)
FNDA:0,(anonymous_31)
FNDA:0,(anonymous_32)
FNDA:0,(anonymous_33)
FNDA:0,(anonymous_34)
FNDA:0,(anonymous_35)
FNDA:0,(anonymous_36)
FNDA:0,(anonymous_37)
DA:48,1
DA:52,0
DA:57,0
DA:62,0
DA:71,0
DA:76,0
DA:83,0
DA:84,0
DA:91,0
DA:96,0
DA:103,0
DA:104,0
DA:111,0
DA:116,0
DA:121,0
DA:126,0
DA:133,0
DA:135,0
DA:136,0
DA:143,0
DA:144,0
DA:150,0
DA:155,0
DA:157,0
DA:160,0
DA:161,0
DA:162,0
DA:164,0
DA:165,0
DA:167,0
DA:168,0
DA:170,0
DA:171,0
DA:173,0
DA:174,0
DA:176,0
DA:181,0
DA:190,0
DA:195,0
DA:196,0
DA:204,0
DA:205,0
DA:212,0
DA:217,0
DA:223,0
DA:224,0
DA:233,0
DA:240,0
DA:248,0
DA:249,0
DA:256,0
DA:261,0
DA:267,0
DA:268,0
DA:275,0
DA:277,0
DA:279,0
DA:286,0
DA:288,0
DA:289,0
DA:292,0
DA:299,0
DA:301,0
DA:302,0
DA:305,0
DA:312,0
DA:313,0
DA:320,0
DA:321,0
DA:322,0
DA:323,0
DA:324,0
DA:325,0
DA:328,0
DA:331,0
DA:338,0
DA:341,0
DA:346,0
DA:347,0
DA:348,0
DA:352,0
DA:356,0
DA:367,0
DA:368,0
DA:370,0
DA:371,0
DA:373,0
DA:374,0
DA:376,0
DA:377,0
DA:379,0
DA:380,0
DA:382,0
DA:383,0
DA:385,0
DA:386,0
DA:387,0
DA:394,0
DA:395,0
DA:396,0
DA:397,0
DA:398,0
DA:400,0
DA:403,0
DA:404,0
DA:407,0
DA:408,0
DA:419,0
LF:108
LH:1
BRDA:83,0,0,0
BRDA:103,1,0,0
BRDA:135,2,0,0
BRDA:204,3,0,0
BRDA:223,4,0,0
BRDA:248,5,0,0
BRDA:267,6,0,0
BRDA:160,7,0,0
BRDA:160,8,0,0
BRDA:160,8,1,0
BRDA:160,8,2,0
BRDA:161,9,0,0
BRDA:163,10,0,0
BRDA:163,10,1,0
BRDA:163,10,2,0
BRDA:163,10,3,0
BRDA:163,10,4,0
BRDA:164,11,0,0
BRDA:164,11,1,0
BRDA:167,12,0,0
BRDA:167,12,1,0
BRDA:170,13,0,0
BRDA:170,13,1,0
BRDA:173,14,0,0
BRDA:173,14,1,0
BRDA:277,15,0,0
BRDA:277,15,1,0
BRDA:279,16,0,0
BRDA:279,16,1,0
BRDA:288,17,0,0
BRDA:301,18,0,0
BRDA:313,19,0,0
BRDA:313,19,1,0
BRDA:341,20,0,0
BRDA:342,21,0,0
BRDA:342,21,1,0
BRDA:342,21,2,0
BRDA:356,22,0,0
BRDA:356,22,1,0
BRDA:398,23,0,0
BRDA:398,23,1,0
BRF:41
BRH:0
end_of_record
TN:
SF:src/app/aether/molecules/tile-card/tile-card.service.ts
FN:21,(anonymous_0)
FN:31,(anonymous_1)
FN:38,(anonymous_2)
FN:42,(anonymous_3)
FN:54,(anonymous_4)
FN:66,(anonymous_5)
FNF:6
FNH:0
FNDA:0,(anonymous_0)
FNDA:0,(anonymous_1)
FNDA:0,(anonymous_2)
FNDA:0,(anonymous_3)
FNDA:0,(anonymous_4)
FNDA:0,(anonymous_5)
DA:12,1
DA:22,0
DA:23,0
DA:25,0
DA:32,0
DA:39,0
DA:41,0
DA:42,0
DA:43,0
DA:44,0
DA:48,0
DA:55,0
DA:56,0
DA:57,0
DA:58,0
DA:59,0
DA:60,0
DA:61,0
DA:63,0
DA:64,0
DA:65,0
DA:66,0
DA:69,0
LF:23
LH:1
BRDA:41,0,0,0
BRDA:55,1,0,0
BRDA:55,1,1,0
BRDA:57,2,0,0
BRDA:57,2,1,0
BRDA:57,3,0,0
BRDA:57,3,1,0
BRDA:59,4,0,0
BRDA:59,4,1,0
BRDA:59,5,0,0
BRDA:59,5,1,0
BRDA:60,6,0,0
BRDA:63,7,0,0
BRDA:63,7,1,0
BRDA:63,8,0,0
BRDA:63,8,1,0
BRDA:64,9,0,0
BRDA:64,9,1,0
BRDA:65,10,0,0
BRDA:65,11,0,0
BRDA:65,11,1,0
BRF:21
BRH:0
end_of_record
TN:
SF:src/app/aether/molecules/tile-card/models/tile-card-configuration.ts
FN:60,DefaultTileCardConfiguration
FNF:1
FNH:0
FNDA:0,DefaultTileCardConfiguration
DA:61,0
LF:1
LH:0
BRF:0
BRH:0
end_of_record
TN:
SF:src/app/aether/molecules/tile-set-card/tile-set-card.component.ts
FN:50,(anonymous_0)
FN:70,(anonymous_1)
FN:97,(anonymous_2)
FN:112,(anonymous_3)
FN:80,(anonymous_4)
FN:80,(anonymous_5)
FN:117,(anonymous_6)
FN:120,(anonymous_7)
FN:120,(anonymous_8)
FN:129,(anonymous_9)
FN:150,(anonymous_10)
FNF:11
FNH:0
FNDA:0,(anonymous_0)
FNDA:0,(anonymous_1)
FNDA:0,(anonymous_2)
FNDA:0,(anonymous_3)
FNDA:0,(anonymous_4)
FNDA:0,(anonymous_5)
FNDA:0,(anonymous_6)
FNDA:0,(anonymous_7)
FNDA:0,(anonymous_8)
FNDA:0,(anonymous_9)
FNDA:0,(anonymous_10)
DA:16,1
DA:20,0
DA:25,0
DA:30,0
DA:39,0
DA:44,0
DA:51,0
DA:52,0
DA:59,0
DA:64,0
DA:71,0
DA:72,0
DA:79,0
DA:80,0
DA:86,0
DA:91,0
DA:98,0
DA:99,0
DA:118,0
DA:120,0
DA:130,0
DA:131,0
DA:133,0
DA:134,0
DA:136,0
DA:137,0
DA:139,0
DA:140,0
DA:142,0
DA:143,0
DA:144,0
DA:151,0
LF:32
LH:1
BRDA:51,0,0,0
BRDA:71,1,0,0
BRDA:98,2,0,0
BRF:3
BRH:0
end_of_record
TN:
SF:src/app/aether/organisms/side-drawer/side-drawer.component.ts
FN:43,(anonymous_0)
FN:92,(anonymous_1)
FN:62,(anonymous_2)
FN:70,(anonymous_3)
FN:80,(anonymous_4)
FN:107,(anonymous_5)
FN:109,(anonymous_6)
FN:118,(anonymous_7)
FN:121,(anonymous_8)
FN:124,(anonymous_9)
FN:125,(anonymous_10)
FN:141,(anonymous_11)
FN:143,(anonymous_12)
FN:153,(anonymous_13)
FN:155,(anonymous_14)
FN:163,(anonymous_15)
FN:170,(anonymous_16)
FN:177,(anonymous_17)
FNF:18
FNH:0
FNDA:0,(anonymous_0)
FNDA:0,(anonymous_1)
FNDA:0,(anonymous_2)
FNDA:0,(anonymous_3)
FNDA:0,(anonymous_4)
FNDA:0,(anonymous_5)
FNDA:0,(anonymous_6)
FNDA:0,(anonymous_7)
FNDA:0,(anonymous_8)
FNDA:0,(anonymous_9)
FNDA:0,(anonymous_10)
FNDA:0,(anonymous_11)
FNDA:0,(anonymous_12)
FNDA:0,(anonymous_13)
FNDA:0,(anonymous_14)
FNDA:0,(anonymous_15)
FNDA:0,(anonymous_16)
FNDA:0,(anonymous_17)
DA:33,1
DA:34,1
DA:43,1
DA:44,0
DA:45,0
DA:46,0
DA:51,0
DA:56,0
DA:63,0
DA:71,0
DA:72,0
DA:74,0
DA:82,0
DA:83,0
DA:86,0
DA:88,0
DA:90,0
DA:92,0
DA:93,0
DA:94,0
DA:96,0
DA:102,0
DA:109,0
DA:111,0
DA:119,0
DA:121,0
DA:124,0
DA:125,0
DA:126,0
DA:130,0
DA:131,0
DA:132,0
DA:133,0
DA:142,0
DA:143,0
DA:144,0
DA:145,0
DA:154,0
DA:155,0
DA:156,0
DA:158,0
DA:160,0
DA:161,0
DA:163,0
DA:171,0
DA:178,0
DA:179,0
DA:180,0
LF:48
LH:3
BRDA:93,0,0,0
BRDA:71,1,0,0
BRDA:71,1,1,0
BRDA:82,2,0,0
BRDA:86,3,0,0
BRDA:86,3,1,0
BRDA:119,4,0,0
BRDA:124,5,0,0
BRDA:124,6,0,0
BRDA:124,6,1,0
BRDA:124,7,0,0
BRDA:124,7,1,0
BRDA:130,8,0,0
BRDA:142,9,0,0
BRDA:154,10,0,0
BRDA:154,10,1,0
BRF:16
BRH:0
end_of_record
TN:
SF:src/app/aether/organisms/side-drawer/side-drawer-pane/side-drawer-pane.component.ts
FN:16,(anonymous_0)
FN:19,(anonymous_1)
FN:27,(anonymous_2)
FN:30,(anonymous_3)
FN:39,(anonymous_4)
FN:42,(anonymous_5)
FN:50,(anonymous_6)
FN:53,(anonymous_7)
FN:58,(anonymous_8)
FN:61,(anonymous_9)
FN:70,(anonymous_10)
FN:77,(anonymous_11)
FN:66,(anonymous_12)
FNF:13
FNH:0
FNDA:0,(anonymous_0)
FNDA:0,(anonymous_1)
FNDA:0,(anonymous_2)
FNDA:0,(anonymous_3)
FNDA:0,(anonymous_4)
FNDA:0,(anonymous_5)
FNDA:0,(anonymous_6)
FNDA:0,(anonymous_7)
FNDA:0,(anonymous_8)
FNDA:0,(anonymous_9)
FNDA:0,(anonymous_10)
FNDA:0,(anonymous_11)
FNDA:0,(anonymous_12)
DA:12,1
DA:17,0
DA:20,0
DA:22,0
DA:28,0
DA:31,0
DA:33,0
DA:40,0
DA:43,0
DA:45,0
DA:51,0
DA:54,0
DA:56,0
DA:59,0
DA:62,0
DA:64,0
DA:66,0
DA:71,0
LF:18
LH:1
BRDA:66,0,0,0
BRDA:66,0,1,0
BRF:2
BRH:0
end_of_record
TN:
SF:src/app/aether/organisms/stepper/models/navigation-stepper.model.ts
FN:19,(anonymous_0)
FNF:1
FNH:0
FNDA:0,(anonymous_0)
DA:19,0
DA:20,0
LF:2
LH:0
BRF:0
BRH:0
end_of_record
TN:
[...]
DA:705,0
LF:224
LH:1
BRDA:86,0,0,0
BRDA:90,1,0,0
BRDA:94,2,0,0
BRDA:98,3,0,0
BRDA:98,3,1,0
BRDA:100,4,0,0
BRDA:104,5,0,0
BRDA:104,6,0,0
BRDA:104,6,1,0
BRDA:108,7,0,0
BRDA:108,7,1,0
BRDA:110,8,0,0
BRDA:114,9,0,0
BRDA:118,10,0,0
BRDA:118,10,1,0
BRDA:120,11,0,0
BRDA:124,12,0,0
BRDA:124,12,1,0
BRDA:126,13,0,0
BRDA:130,14,0,0
BRDA:134,15,0,0
BRDA:134,15,1,0
BRDA:136,16,0,0
BRDA:140,17,0,0
BRDA:144,18,0,0
BRDA:148,19,0,0
BRDA:152,20,0,0
BRDA:156,21,0,0
BRDA:160,22,0,0
BRDA:160,22,1,0
BRDA:162,23,0,0
BRDA:166,24,0,0
BRDA:166,24,1,0
BRDA:168,25,0,0
BRDA:172,26,0,0
BRDA:172,26,1,0
BRDA:174,27,0,0
BRDA:178,28,0,0
BRDA:178,29,0,0
BRDA:178,29,1,0
BRDA:182,30,0,0
BRDA:182,30,1,0
BRDA:184,31,0,0
BRDA:188,32,0,0
BRDA:192,33,0,0
BRDA:195,34,0,0
BRDA:195,34,1,0
BRDA:207,35,0,0
BRDA:207,35,1,0
BRDA:209,36,0,0
BRDA:231,37,0,0
BRDA:231,37,1,0
BRDA:233,38,0,0
BRDA:254,39,0,0
BRDA:254,39,1,0
BRDA:256,40,0,0
BRDA:278,41,0,0
BRDA:278,41,1,0
BRDA:295,42,0,0
BRDA:313,43,0,0
BRDA:325,44,0,0
BRDA:325,45,0,0
BRDA:325,45,1,0
BRDA:365,46,0,0
BRDA:365,47,0,0
BRDA:365,47,1,0
BRDA:402,48,0,0
BRDA:402,48,1,0
BRDA:404,49,0,0
BRDA:410,50,0,0
BRDA:414,51,0,0
BRDA:418,52,0,0
BRDA:422,53,0,0
BRDA:426,54,0,0
BRDA:469,55,0,0
BRDA:469,55,1,0
BRDA:505,56,0,0
BRDA:509,57,0,0
BRDA:513,58,0,0
BRDA:560,59,0,0
BRDA:560,59,1,0
BRDA:585,60,0,0
BRDA:588,61,0,0
BRDA:588,61,1,0
BRDA:588,62,0,0
BRDA:588,62,1,0
BRDA:591,63,0,0
BRDA:594,64,0,0
BRDA:625,65,0,0
BRDA:626,66,0,0
BRDA:626,66,1,0
BRDA:626,67,0,0
BRDA:626,67,1,0
BRDA:628,68,0,0
BRDA:631,69,0,0
BRDA:637,70,0,0
BRDA:638,71,0,0
BRDA:638,71,1,0
BRDA:638,72,0,0
BRDA:638,72,1,0
BRDA:640,73,0,0
BRDA:643,74,0,0
BRDA:649,75,0,0
BRDA:650,76,0,0
BRDA:650,76,1,0
BRDA:650,77,0,0
BRDA:650,77,1,0
BRDA:652,78,0,0
BRDA:655,79,0,0
BRDA:661,80,0,0
BRDA:662,81,0,0
BRDA:662,81,1,0
BRDA:662,81,2,0
BRDA:662,81,3,0
BRDA:662,81,4,0
BRDA:662,81,5,0
BRDA:662,81,6,0
BRDA:662,81,7,0
BRDA:662,81,8,0
BRDA:672,82,0,0
BRDA:675,83,0,0
BRDA:676,84,0,0
BRDA:677,85,0,0
BRDA:677,85,1,0
BRDA:678,86,0,0
BRDA:678,86,1,0
BRDA:679,87,0,0
BRDA:679,88,0,0
BRDA:679,88,1,0
BRDA:680,89,0,0
BRDA:680,89,1,0
BRDA:683,90,0,0
BRDA:684,91,0,0
BRDA:684,91,1,0
BRDA:685,92,0,0
BRDA:685,92,1,0
BRDA:686,93,0,0
BRDA:686,94,0,0
BRDA:686,94,1,0
BRDA:687,95,0,0
BRDA:687,95,1,0
BRDA:690,96,0,0
BRDA:691,97,0,0
BRDA:691,97,1,0
BRDA:692,98,0,0
BRDA:692,98,1,0
BRDA:693,99,0,0
BRDA:693,100,0,0
BRDA:693,100,1,0
BRDA:694,101,0,0
BRDA:694,101,1,0
BRF:151
BRH:0
end_of_record
TN:
SF:src/app/system/label.service.ts
FN:20,(anonymous_0)
FN:27,(anonymous_1)
FN:34,(anonymous_2)
FN:41,(anonymous_3)
FN:48,(anonymous_4)
FN:55,(anonymous_5)
FN:62,(anonymous_6)
FN:69,(anonymous_7)
FN:83,(anonymous_8)
FNF:9
FNH:0
FNDA:0,(anonymous_0)
FNDA:0,(anonymous_1)
FNDA:0,(anonymous_2)
FNDA:0,(anonymous_3)
FNDA:0,(anonymous_4)
FNDA:0,(anonymous_5)
FNDA:0,(anonymous_6)
FNDA:0,(anonymous_7)
FNDA:0,(anonymous_8)
DA:16,1
DA:21,0
DA:28,0
DA:35,0
DA:42,0
DA:49,0
DA:56,0
DA:63,0
DA:70,0
DA:71,0
DA:72,0
DA:75,0
DA:84,0
LF:13
LH:1
BRDA:71,0,0,0
BRF:1
BRH:0
end_of_record
TN:
SF:src/app/system/location.service.ts
FN:22,(anonymous_0)
FN:26,(anonymous_1)
FN:27,(anonymous_2)
FN:34,(anonymous_3)
FN:48,(anonymous_4)
FN:60,(anonymous_5)
FN:66,(anonymous_6)
FN:77,(anonymous_7)
FN:78,(anonymous_8)
FN:79,(anonymous_9)
FN:80,(anonymous_10)
FNF:11
FNH:0
FNDA:0,(anonymous_0)
FNDA:0,(anonymous_1)
FNDA:0,(anonymous_2)
FNDA:0,(anonymous_3)
FNDA:0,(anonymous_4)
FNDA:0,(anonymous_5)
FNDA:0,(anonymous_6)
FNDA:0,(anonymous_7)
FNDA:0,(anonymous_8)
FNDA:0,(anonymous_9)
FNDA:0,(anonymous_10)
DA:14,1
DA:15,0
DA:16,0
DA:17,0
DA:18,0
DA:20,0
DA:24,0
DA:26,0
DA:28,0
DA:39,0
DA:41,0
DA:48,0
DA:57,0
DA:59,0
DA:60,0
DA:61,0
DA:62,0
DA:65,0
DA:66,0
DA:67,0
DA:68,0
DA:71,0
DA:72,0
DA:75,0
DA:78,0
DA:79,0
DA:80,0
DA:81,0
LF:28
LH:1
BRDA:46,0,0,0
BRDA:46,0,1,0
BRDA:43,1,0,0
BRDA:43,1,1,0
BRDA:44,2,0,0
BRDA:44,2,1,0
BRDA:46,3,0,0
BRDA:46,3,1,0
BRDA:59,4,0,0
BRDA:59,4,1,0
BRDA:61,5,0,0
BRDA:65,6,0,0
BRDA:65,6,1,0
BRDA:67,7,0,0
BRDA:71,8,0,0
BRDA:71,9,0,0
BRDA:71,9,1,0
BRDA:79,10,0,0
BRDA:79,10,1,0
BRF:19
BRH:0
end_of_record
TN:
SF:src/app/system/notification-region.service.ts
FN:22,(anonymous_0)
FN:32,(anonymous_1)
FNF:2
FNH:0
FNDA:0,(anonymous_0)
FNDA:0,(anonymous_1)
DA:13,1
DA:23,0
DA:24,0
DA:26,0
DA:33,0
LF:5
LH:1
BRF:0
BRH:0
end_of_record
TN:
SF:src/app/system/operation.service.ts
FN:21,(anonymous_0)
FN:31,(anonymous_1)
FNF:2
FNH:0
FNDA:0,(anonymous_0)
FNDA:0,(anonymous_1)
DA:12,1
DA:22,0
DA:23,0
DA:25,0
DA:32,0
LF:5
LH:1
BRF:0
BRH:0
end_of_record
TN:
SF:src/app/system/order.service.ts
FN:24,(anonymous_0)
FN:34,(anonymous_1)
FN:46,(anonymous_2)
FN:53,(anonymous_3)
FNF:4
FNH:0
FNDA:0,(anonymous_0)
FNDA:0,(anonymous_1)
FNDA:0,(anonymous_2)
FNDA:0,(anonymous_3)
DA:15,1
DA:25,0
DA:26,0
DA:28,0
DA:35,0
DA:40,0
DA:47,0
DA:54,0
LF:8
LH:1
BRF:0
BRH:0
end_of_record
TN:
SF:src/app/system/product.service.ts
FN:20,(anonymous_0)
FN:27,(anonymous_1)
FN:36,(anonymous_2)
FN:44,(anonymous_3)
FN:50,(anonymous_4)
FNF:5
FNH:0
FNDA:0,(anonymous_0)
FNDA:0,(anonymous_1)
FNDA:0,(anonymous_2)
FNDA:0,(anonymous_3)
FNDA:0,(anonymous_4)
DA:16,1
DA:21,0
DA:33,0
DA:35,0
DA:36,0
DA:37,0
DA:38,0
DA:41,0
DA:43,0
DA:44,0
DA:45,0
DA:46,0
DA:49,0
DA:50,0
DA:51,0
DA:52,0
DA:55,0
LF:17
LH:1
BRDA:35,0,0,0
BRDA:35,0,1,0
BRDA:37,1,0,0
BRDA:43,2,0,0
BRDA:43,2,1,0
BRDA:45,3,0,0
BRDA:49,4,0,0
BRDA:49,4,1,0
BRDA:51,5,0,0
BRF:9
BRH:0
end_of_record
TN:
SF:src/app/system/role.service.ts
FN:22,(anonymous_0)
FN:29,(anonymous_1)
FN:36,(anonymous_2)
FN:43,(anonymous_3)
FN:50,(anonymous_4)
FN:57,(anonymous_5)
FN:64,(anonymous_6)
FNF:7
FNH:0
FNDA:0,(anonymous_0)
FNDA:0,(anonymous_1)
FNDA:0,(anonymous_2)
FNDA:0,(anonymous_3)
FNDA:0,(anonymous_4)
FNDA:0,(anonymous_5)
FNDA:0,(anonymous_6)
DA:18,1
DA:23,0
DA:30,0
DA:37,0
DA:44,0
DA:51,0
DA:58,0
DA:65,0
LF:8
LH:1
BRF:0
BRH:0
end_of_record
TN:
SF:src/app/system/specification-color-scheme.service.ts
FN:16,(anonymous_0)
FN:20,(anonymous_1)
FNF:2
FNH:0
FNDA:0,(anonymous_0)
FNDA:0,(anonymous_1)
DA:16,1
DA:17,0
DA:19,0
DA:22,0
LF:4
LH:1
BRF:0
BRH:0
end_of_record
TN:
SF:src/app/system/user.service.ts
FN:23,(anonymous_0)
FN:30,(anonymous_1)
FN:40,(anonymous_2)
FN:54,(anonymous_3)
FN:69,(anonymous_4)
FN:75,(anonymous_5)
FN:80,(anonymous_6)
FN:87,(anonymous_7)
FN:91,(anonymous_8)
FN:95,(anonymous_9)
FN:99,(anonymous_10)
FNF:11
FNH:0
FNDA:0,(anonymous_0)
FNDA:0,(anonymous_1)
FNDA:0,(anonymous_2)
FNDA:0,(anonymous_3)
FNDA:0,(anonymous_4)
FNDA:0,(anonymous_5)
FNDA:0,(anonymous_6)
FNDA:0,(anonymous_7)
FNDA:0,(anonymous_8)
FNDA:0,(anonymous_9)
FNDA:0,(anonymous_10)
DA:19,1
DA:24,0
DA:37,0
DA:39,0
DA:40,0
DA:41,0
DA:42,0
DA:45,0
DA:46,0
DA:49,0
DA:50,0
DA:53,0
DA:54,0
DA:55,0
DA:56,0
DA:59,0
DA:60,0
DA:63,0
DA:70,0
DA:72,0
DA:73,0
DA:75,0
DA:78,0
DA:80,0
DA:84,0
DA:88,0
DA:92,0
DA:96,0
DA:100,0
LF:29
LH:1
BRDA:39,0,0,0
BRDA:39,0,1,0
BRDA:41,1,0,0
BRDA:45,2,0,0
BRDA:45,3,0,0
BRDA:45,3,1,0
BRDA:49,4,0,0
BRDA:49,5,0,0
BRDA:49,5,1,0
BRDA:53,6,0,0
BRDA:53,6,1,0
BRDA:55,7,0,0
BRDA:59,8,0,0
BRDA:59,9,0,0
BRDA:59,9,1,0
BRDA:72,10,0,0
BRDA:72,10,1,0
BRF:17
BRH:0
end_of_record
TN:
SF:src/app/system/waste.service.ts
FN:22,(anonymous_0)
FN:29,(anonymous_1)
FN:41,(anonymous_2)
FN:48,(anonymous_3)
FN:75,(anonymous_4)
FN:102,(anonymous_5)
FNF:6
FNH:0
FNDA:0,(anonymous_0)
FNDA:0,(anonymous_1)
FNDA:0,(anonymous_2)
FNDA:0,(anonymous_3)
FNDA:0,(anonymous_4)
FNDA:0,(anonymous_5)
DA:18,1
DA:23,0
DA:30,0
DA:35,0
DA:42,0
DA:57,0
DA:65,0
DA:66,0
DA:69,0
DA:84,0
DA:92,0
DA:93,0
DA:96,0
DA:103,0
DA:108,0
LF:15
LH:1
BRDA:65,0,0,0
BRDA:92,1,0,0
BRF:2
BRH:0
end_of_record
TN:
SF:src/app/system/generic/crud.service.ts
FN:23,(anonymous_0)
FN:35,(anonymous_1)
FN:47,(anonymous_2)
FN:54,(anonymous_3)
FN:60,(anonymous_4)
FN:74,(anonymous_5)
FNF:6
FNH:0
FNDA:0,(anonymous_0)
FNDA:0,(anonymous_1)
FNDA:0,(anonymous_2)
FNDA:0,(anonymous_3)
FNDA:0,(anonymous_4)
FNDA:0,(anonymous_5)
DA:24,0
DA:25,0
DA:26,0
DA:28,0
DA:29,0
DA:36,0
DA:37,0
DA:39,0
DA:48,0
DA:55,0
DA:57,0
DA:58,0
DA:60,0
DA:63,0
DA:66,0
DA:75,0
LF:16
LH:0
BRDA:36,0,0,0
BRDA:57,1,0,0
BRDA:57,1,1,0
BRF:3
BRH:0
end_of_record
TN:
SF:src/app/system/models/attribute-value-info.ts
FN:30,convertAttributeValueTypeToKendoGridFilterType
FN:52,attributeValueTypeEqual
FN:77,attributeValueTypeGreaterThan
FN:100,attributeValueTypeLessThan
FN:129,convertAttributeValueType
FN:158,convertValueToAttribute
FN:187,checkAttributeValueChangedForSave
FNF:7
FNH:0
FNDA:0,convertAttributeValueTypeToKendoGridFilterType
FNDA:0,attributeValueTypeEqual
FNDA:0,attributeValueTypeGreaterThan
FNDA:0,attributeValueTypeLessThan
FNDA:0,convertAttributeValueType
FNDA:0,convertValueToAttribute
FNDA:0,checkAttributeValueChangedForSave
DA:31,0
DA:32,0
DA:33,0
DA:34,0
DA:35,0
DA:36,0
DA:37,0
DA:38,0
DA:39,0
DA:40,0
DA:41,0
DA:42,0
DA:45,0
DA:53,0
DA:54,0
DA:55,0
DA:56,0
DA:57,0
DA:58,0
DA:59,0
DA:60,0
DA:61,0
DA:62,0
DA:63,0
DA:64,0
DA:65,0
DA:66,0
DA:67,0
DA:71,0
DA:78,0
DA:79,0
DA:80,0
DA:81,0
DA:82,0
DA:83,0
DA:84,0
DA:85,0
DA:86,0
DA:87,0
DA:88,0
DA:89,0
DA:90,0
DA:94,0
DA:101,0
DA:102,0
DA:103,0
DA:104,0
DA:105,0
DA:106,0
DA:107,0
DA:108,0
DA:109,0
DA:110,0
DA:111,0
DA:112,0
DA:113,0
DA:114,0
DA:115,0
DA:116,0
DA:117,0
DA:118,0
DA:119,0
DA:123,0
DA:130,0
DA:131,0
DA:132,0
DA:133,0
DA:134,0
DA:135,0
DA:136,0
DA:137,0
DA:138,0
DA:139,0
DA:140,0
DA:141,0
DA:142,0
DA:143,0
DA:144,0
DA:145,0
DA:146,0
DA:149,0
DA:152,0
DA:159,0
DA:160,0
DA:161,0
DA:162,0
DA:163,0
DA:164,0
DA:165,0
DA:166,0
DA:167,0
DA:168,0
DA:169,0
DA:170,0
DA:171,0
DA:172,0
DA:173,0
DA:174,0
DA:175,0
DA:176,0
DA:177,0
DA:181,0
DA:192,0
DA:193,0
DA:194,0
DA:197,0
LF:106
LH:0
BRDA:31,0,0,0
BRDA:31,0,1,0
BRDA:33,1,0,0
BRDA:33,1,1,0
BRDA:35,2,0,0
BRDA:35,2,1,0
BRDA:37,3,0,0
BRDA:37,3,1,0
BRDA:39,4,0,0
BRDA:39,4,1,0
BRDA:41,5,0,0
BRDA:53,6,0,0
BRDA:54,7,0,0
BRDA:54,7,1,0
BRDA:55,8,0,0
BRDA:55,8,1,0
BRDA:55,9,0,0
BRDA:55,9,1,0
BRDA:56,10,0,0
BRDA:56,10,1,0
BRDA:57,11,0,0
BRDA:57,11,1,0
BRDA:57,12,0,0
BRDA:57,12,1,0
BRDA:57,13,0,0
BRDA:57,13,1,0
BRDA:57,14,0,0
BRDA:57,14,1,0
BRDA:58,15,0,0
BRDA:58,15,1,0
BRDA:60,16,0,0
BRDA:60,16,1,0
BRDA:62,17,0,0
BRDA:62,17,1,0
BRDA:64,18,0,0
BRDA:64,18,1,0
BRDA:66,19,0,0
BRDA:78,20,0,0
BRDA:79,21,0,0
BRDA:79,21,1,0
BRDA:80,22,0,0
BRDA:80,22,1,0
BRDA:80,23,0,0
BRDA:80,23,1,0
BRDA:81,24,0,0
BRDA:81,24,1,0
BRDA:82,25,0,0
BRDA:82,25,1,0
BRDA:82,26,0,0
BRDA:82,26,1,0
BRDA:82,27,0,0
BRDA:82,27,1,0
BRDA:82,28,0,0
BRDA:82,28,1,0
BRDA:83,29,0,0
BRDA:83,29,1,0
BRDA:85,30,0,0
BRDA:85,30,1,0
BRDA:86,31,0,0
BRDA:86,31,1,0
BRDA:86,32,0,0
BRDA:86,32,1,0
BRDA:87,33,0,0
BRDA:87,33,1,0
BRDA:88,34,0,0
BRDA:88,34,1,0
BRDA:88,35,0,0
BRDA:88,35,1,0
BRDA:89,36,0,0
BRDA:90,37,0,0
BRDA:90,37,1,0
BRDA:90,38,0,0
BRDA:90,38,1,0
BRDA:101,39,0,0
BRDA:102,40,0,0
BRDA:102,40,1,0
BRDA:103,41,0,0
BRDA:103,41,1,0
BRDA:103,42,0,0
BRDA:103,42,1,0
BRDA:104,43,0,0
BRDA:104,43,1,0
BRDA:105,44,0,0
BRDA:105,44,1,0
BRDA:105,45,0,0
BRDA:105,45,1,0
BRDA:105,46,0,0
BRDA:105,46,1,0
BRDA:105,47,0,0
BRDA:105,47,1,0
BRDA:106,48,0,0
BRDA:106,48,1,0
BRDA:108,49,0,0
BRDA:108,49,1,0
BRDA:109,50,0,0
BRDA:109,50,1,0
BRDA:109,51,0,0
BRDA:109,51,1,0
BRDA:110,52,0,0
BRDA:110,52,1,0
BRDA:111,53,0,0
BRDA:111,53,1,0
BRDA:111,54,0,0
BRDA:111,54,1,0
BRDA:112,55,0,0
BRDA:112,55,1,0
BRDA:113,56,0,0
BRDA:113,56,1,0
BRDA:113,57,0,0
BRDA:113,57,1,0
BRDA:114,58,0,0
BRDA:114,58,1,0
BRDA:115,59,0,0
BRDA:115,59,1,0
BRDA:115,60,0,0
BRDA:115,60,1,0
BRDA:116,61,0,0
BRDA:116,61,1,0
BRDA:117,62,0,0
BRDA:117,62,1,0
BRDA:117,63,0,0
BRDA:117,63,1,0
BRDA:118,64,0,0
BRDA:119,65,0,0
BRDA:119,65,1,0
BRDA:119,66,0,0
BRDA:119,66,1,0
BRDA:130,67,0,0
BRDA:130,68,0,0
BRDA:130,68,1,0
BRDA:131,69,0,0
BRDA:131,69,1,0
BRDA:132,70,0,0
BRDA:132,70,1,0
BRDA:133,71,0,0
BRDA:133,71,1,0
BRDA:134,72,0,0
BRDA:134,72,1,0
BRDA:135,73,0,0
BRDA:135,73,1,0
BRDA:137,74,0,0
BRDA:137,74,1,0
BRDA:138,75,0,0
BRDA:138,75,1,0
BRDA:139,76,0,0
BRDA:139,76,1,0
BRDA:140,77,0,0
BRDA:140,77,1,0
BRDA:141,78,0,0
BRDA:141,78,1,0
BRDA:142,79,0,0
BRDA:142,79,1,0
BRDA:143,80,0,0
BRDA:143,80,1,0
BRDA:144,81,0,0
BRDA:144,81,1,0
BRDA:145,82,0,0
BRDA:146,83,0,0
BRDA:146,83,1,0
BRDA:159,84,0,0
BRDA:160,85,0,0
BRDA:160,85,1,0
BRDA:160,86,0,0
BRDA:160,86,1,0
BRDA:160,86,2,0
BRDA:162,87,0,0
BRDA:162,87,1,0
BRDA:162,88,0,0
BRDA:162,88,1,0
BRDA:164,89,0,0
BRDA:164,89,1,0
BRDA:164,90,0,0
BRDA:164,90,1,0
BRDA:164,90,2,0
BRDA:165,91,0,0
BRDA:165,91,1,0
BRDA:166,92,0,0
BRDA:166,92,1,0
BRDA:166,93,0,0
BRDA:166,93,1,0
BRDA:166,93,2,0
BRDA:168,94,0,0
BRDA:168,94,1,0
BRDA:168,95,0,0
BRDA:168,95,1,0
BRDA:168,95,2,0
BRDA:170,96,0,0
BRDA:170,96,1,0
BRDA:170,97,0,0
BRDA:170,97,1,0
BRDA:170,97,2,0
BRDA:172,98,0,0
BRDA:172,98,1,0
BRDA:172,99,0,0
BRDA:172,99,1,0
BRDA:172,99,2,0
BRDA:174,100,0,0
BRDA:174,100,1,0
BRDA:174,101,0,0
BRDA:174,101,1,0
BRDA:174,101,2,0
BRDA:176,102,0,0
BRDA:176,103,0,0
BRDA:176,103,1,0
BRDA:176,103,2,0
BRDA:181,104,0,0
BRDA:181,104,1,0
BRDA:192,105,0,0
BRDA:193,106,0,0
BRF:209
BRH:0
end_of_record
TN:
SF:src/app/system/models/attribute-values-metadata-and-subscription-info.ts
FN:9,DefaultAttributeValuesMetadataAndSubscriptionInfo
FNF:1
FNH:1
FNDA:1,DefaultAttributeValuesMetadataAndSubscriptionInfo
DA:10,1
LF:1
LH:1
BRF:0
BRH:0
end_of_record
TN:
SF:src/app/system/models/constants-friendlyIds.ts
FN:3,(anonymous_0)
FN:13,(anonymous_1)
FN:20,(anonymous_2)
FN:29,(anonymous_3)
FNF:4
FNH:4
FNDA:1,(anonymous_0)
FNDA:1,(anonymous_1)
FNDA:1,(anonymous_2)
FNDA:1,(anonymous_3)
DA:3,1
DA:4,1
DA:5,1
DA:6,1
DA:7,1
DA:8,1
DA:9,1
DA:10,1
DA:13,1
DA:14,1
DA:15,1
DA:16,1
DA:17,1
DA:20,1
DA:22,1
DA:24,1
DA:26,1
DA:29,1
DA:30,1
DA:31,1
DA:32,1
LF:21
LH:21
BRDA:3,0,0,1
BRDA:3,0,1,1
BRDA:13,1,0,1
BRDA:13,1,1,1
BRDA:20,2,0,1
BRDA:20,2,1,1
BRDA:29,3,0,1
BRDA:29,3,1,1
BRF:8
BRH:8
end_of_record
TN:
SF:src/app/system/models/downtime-split-edit.ts
FN:14,DowntimeSplitEditDefault
FNF:1
FNH:0
FNDA:0,DowntimeSplitEditDefault
DA:15,0
LF:1
LH:0
BRF:0
BRH:0
end_of_record
TN:
SF:src/app/system/models/event-attribute-specification-info.ts
FN:14,sanitizeSpecificationType
FNF:1
FNH:0
FNDA:0,sanitizeSpecificationType
DA:15,0
DA:17,0
DA:19,0
DA:21,0
DA:23,0
DA:25,0
DA:27,0
DA:29,0
DA:31,0
DA:33,0
DA:35,0
DA:37,0
DA:39,0
LF:13
LH:0
BRDA:16,0,0,0
BRDA:16,0,1,0
BRDA:16,0,2,0
BRDA:16,0,3,0
BRDA:16,0,4,0
BRDA:16,0,5,0
BRDA:16,0,6,0
BRDA:16,0,7,0
BRDA:16,0,8,0
BRDA:16,0,9,0
BRDA:16,0,10,0
BRDA:16,0,11,0
BRF:12
BRH:0
end_of_record
TN:
SF:src/app/system/models/product-dropdown-info.ts
FN:10,ProductDropdownInfoToDropdownItem
FN:15,(anonymous_1)
FN:16,(anonymous_2)
FNF:3
FNH:0
FNDA:0,ProductDropdownInfoToDropdownItem
FNDA:0,(anonymous_1)
FNDA:0,(anonymous_2)
DA:14,0
DA:15,0
DA:16,0
LF:3
LH:0
BRDA:14,0,0,0
BRDA:14,0,1,0
BRDA:15,1,0,0
BRDA:15,1,1,0
BRDA:15,2,0,0
BRDA:15,2,1,0
BRDA:19,3,0,0
BRDA:19,3,1,0
BRF:8
BRH:0
end_of_record
TN:
SF:src/app/system/models/proxy-labor-time-edit.ts
FN:10,sanitizeProxyLaborTimeEditForApi
FNF:1
FNH:0
FNDA:0,sanitizeProxyLaborTimeEditForApi
DA:11,0
LF:1
LH:0
BRF:0
BRH:0
end_of_record
TN:
SF:src/app/system/models/display/grid-display-config.ts
FN:141,GridPagerDefault
FN:187,GridSortDescriptorDefault
FN:225,GridGroupDescriptorDefault
FN:383,isGridColumnCommandType
FN:638,DefaultGridDisplayConfig
FN:682,DefaultGridColumnDisplayConfig
FN:698,DefaultGridPropertyColumnDisplayConfig
FN:717,DefaultGridCommandColumnDisplayConfig
FN:732,isGridPropertyColumn
FN:739,getPropertiesGridColumnForGrid
FN:746,getPropertiesGridColumn
FN:749,(anonymous_11)
FNF:12
FNH:3
FNDA:0,GridPagerDefault
FNDA:0,GridSortDescriptorDefault
FNDA:0,GridGroupDescriptorDefault
FNDA:0,isGridColumnCommandType
FNDA:21,DefaultGridDisplayConfig
FNDA:1,DefaultGridColumnDisplayConfig
FNDA:1,DefaultGridPropertyColumnDisplayConfig
FNDA:0,DefaultGridCommandColumnDisplayConfig
FNDA:0,isGridPropertyColumn
FNDA:0,getPropertiesGridColumnForGrid
FNDA:0,getPropertiesGridColumn
FNDA:0,(anonymous_11)
DA:132,1
DA:142,0
DA:188,0
DA:226,0
DA:377,1
DA:384,0
DA:639,21
DA:683,1
DA:699,1
DA:700,1
DA:718,0
DA:733,0
DA:740,0
DA:747,0
DA:749,0
DA:750,0
DA:751,0
DA:755,0
LF:18
LH:6
BRDA:699,0,0,1
BRDA:699,0,1,0
BRDA:709,1,0,0
BRDA:709,1,1,1
BRDA:749,2,0,0
BRDA:749,2,1,0
BRDA:750,3,0,0
BRF:7
BRH:2
end_of_record
TN:
SF:src/app/system/models/messaging/event-database-transaction-return.ts
FN:88,DefaultEventDatabaseTransactionReturn
FNF:1
FNH:0
FNDA:0,DefaultEventDatabaseTransactionReturn
DA:89,0
LF:1
LH:0
BRF:0
BRH:0
end_of_record
TN:
SF:src/app/system/models/messaging/genealogy-database-transaction-return.ts
FN:31,isGenealogyTransactionReturn
FNF:1
FNH:0
FNDA:0,isGenealogyTransactionReturn
DA:33,0
DA:34,0
LF:2
LH:0
BRDA:34,0,0,0
BRDA:34,0,1,0
BRDA:34,0,2,0
BRDA:34,0,3,0
BRF:4
BRH:0
end_of_record
TN:
SF:src/app/system/models/messaging/operation-type.ts
FN:1,(anonymous_0)
FNF:1
FNH:1
FNDA:1,(anonymous_0)
DA:1,1
DA:2,1
DA:3,1
DA:4,1
DA:5,1
DA:6,1
LF:6
LH:6
BRDA:1,0,0,1
BRDA:1,0,1,1
BRF:2
BRH:2
end_of_record
TN:
SF:src/app/system/models/messaging/transaction-validation-behavior.ts
FN:1,(anonymous_0)
FNF:1
FNH:1
FNDA:1,(anonymous_0)
DA:1,1
DA:3,1
DA:5,1
LF:3
LH:3
BRDA:1,0,0,1
BRDA:1,0,1,1
BRF:2
BRH:2
end_of_record
TN:
SF:src/app/theming/app.theme.service.ts
FN:108,(anonymous_0)
FN:117,(anonymous_1)
FN:44,(anonymous_2)
FN:46,(anonymous_3)
FN:58,(anonymous_4)
FN:79,(anonymous_5)
FN:84,(anonymous_6)
FN:93,(anonymous_7)
FN:98,(anonymous_8)
FN:103,(anonymous_9)
FN:149,(anonymous_10)
FN:160,(anonymous_11)
FN:168,(anonymous_12)
FNF:13
FNH:0
FNDA:0,(anonymous_0)
FNDA:0,(anonymous_1)
FNDA:0,(anonymous_2)
FNDA:0,(anonymous_3)
FNDA:0,(anonymous_4)
FNDA:0,(anonymous_5)
FNDA:0,(anonymous_6)
FNDA:0,(anonymous_7)
FNDA:0,(anonymous_8)
FNDA:0,(anonymous_9)
FNDA:0,(anonymous_10)
FNDA:0,(anonymous_11)
FNDA:0,(anonymous_12)
DA:14,1
DA:18,0
DA:23,0
DA:28,0
DA:33,0
DA:38,0
DA:43,0
DA:44,0
DA:47,0
DA:49,0
DA:50,0
DA:51,0
DA:52,0
DA:57,0
DA:59,0
DA:61,0
DA:62,0
DA:64,0
DA:65,0
DA:69,0
DA:70,0
DA:78,0
DA:80,0
DA:81,0
DA:84,0
DA:88,0
DA:93,0
DA:98,0
DA:103,0
DA:109,0
DA:110,0
DA:118,0
DA:119,0
DA:120,0
DA:122,0
DA:125,0
DA:126,0
DA:128,0
DA:132,0
DA:133,0
DA:134,0
DA:135,0
DA:138,0
DA:142,0
DA:144,0
DA:147,0
DA:148,0
DA:149,0
DA:150,0
DA:155,0
DA:156,0
DA:160,0
DA:161,0
DA:169,0
DA:170,0
DA:171,0
DA:174,0
DA:175,0
DA:179,0
DA:182,0
DA:183,0
DA:186,0
LF:62
LH:1
BRDA:109,0,0,0
BRDA:44,1,0,0
BRDA:44,1,1,0
BRDA:49,2,0,0
BRDA:61,3,0,0
BRDA:61,4,0,0
BRDA:61,4,1,0
BRDA:64,5,0,0
BRDA:69,6,0,0
BRDA:69,7,0,0
BRDA:69,7,1,0
BRDA:80,8,0,0
BRDA:128,9,0,0
BRDA:147,10,0,0
BRDA:148,11,0,0
BRDA:148,11,1,0
BRDA:149,12,0,0
BRDA:155,13,0,0
BRDA:160,14,0,0
BRDA:160,15,0,0
BRDA:160,15,1,0
BRDA:169,16,0,0
BRDA:169,16,1,0
BRDA:174,17,0,0
BRDA:182,18,0,0
BRF:25
BRH:0
end_of_record
TN:
SF:src/app/theming/resources/theme-resource-factory.service.ts
FN:10,(anonymous_0)
FN:13,(anonymous_1)
FN:14,(anonymous_2)
FN:17,(anonymous_3)
FNF:4
FNH:0
FNDA:0,(anonymous_0)
FNDA:0,(anonymous_1)
FNDA:0,(anonymous_2)
FNDA:0,(anonymous_3)
DA:10,1
DA:11,0
DA:14,0
DA:18,0
DA:20,0
DA:23,0
LF:6
LH:1
BRDA:19,0,0,0
BRDA:19,0,1,0
BRF:2
BRH:0
end_of_record
TN:
SF:src/app/theming/resources/theme-stylesheet-resource.ts
FN:20,(anonymous_0)
FN:28,(anonymous_1)
FN:42,(anonymous_2)
FN:51,(anonymous_3)
FNF:4
FNH:0
FNDA:0,(anonymous_0)
FNDA:0,(anonymous_1)
FNDA:0,(anonymous_2)
FNDA:0,(anonymous_3)
DA:16,0
DA:22,0
DA:23,0
DA:25,0
DA:29,0
DA:31,0
DA:32,0
DA:33,0
DA:36,0
DA:37,0
DA:39,0
DA:43,0
DA:44,0
DA:47,0
DA:48,0
DA:52,0
DA:54,0
DA:55,0
DA:56,0
DA:57,0
DA:59,0
LF:21
LH:0
BRDA:31,0,0,0
BRDA:43,1,0,0
BRF:2
BRH:0
end_of_record
TN:
SF:src/app/theming/themes/theme-loader-factory.service.ts
FN:9,(anonymous_0)
FN:12,(anonymous_1)
FNF:2
FNH:0
FNDA:0,(anonymous_0)
FNDA:0,(anonymous_1)
DA:9,1
DA:10,0
DA:13,0
DA:15,0
DA:16,0
DA:19,0
LF:6
LH:1
BRDA:15,0,0,0
BRF:1
BRH:0
end_of_record
TN:
SF:src/app/theming/themes/theme-loader.ts
FN:9,(anonymous_0)
FN:14,(anonymous_1)
FN:15,(anonymous_2)
FN:18,(anonymous_3)
FN:19,(anonymous_4)
FNF:5
FNH:0
FNDA:0,(anonymous_0)
FNDA:0,(anonymous_1)
FNDA:0,(anonymous_2)
FNDA:0,(anonymous_3)
FNDA:0,(anonymous_4)
DA:10,0
DA:11,0
DA:15,0
DA:19,0
LF:4
LH:0
BRF:0
BRH:0
end_of_record
TN:
SF:src/environments/environment.ts
FNF:0
FNH:0
DA:6,1
LF:1
LH:1
BRF:0
BRH:0
end_of_record
